2020-11-04 18:43:25,428 [AUDIT] Token created by 'anonymous': tokenId='a39ecc07-cbbe-4e41-a32c-3821244ec430', issuer='jfrou@01epa9445b6rjsegm3bjdzz0e1', subject='jfrou@01epa9445b6rjsegm3bjdzz0e1', expiry=none, refreshable=false
2020-11-04 18:43:27,663 [AUDIT] Token created by 'anonymous': tokenId='a626e8f2-578f-46ee-86d6-8a132322a884', issuer='jfac@01epa9406d7fhp1gdrh3eq0zbc', subject='jfac@01epa9406d7fhp1gdrh3eq0zbc', expiry=1604515527650, refreshable=false
2020-11-04 18:43:27,809 [AUDIT] Token created by 'anonymous': tokenId='0364009e-6514-4214-846b-cd68a42534a5', issuer='jfac@01epa9406d7fhp1gdrh3eq0zbc', subject='jfac@01epa9406d7fhp1gdrh3eq0zbc', expiry=1604515527796, refreshable=false
2020-11-04 18:43:28,029 [AUDIT] Token created by 'anonymous': tokenId='a0beffcb-f83b-4a24-b4ee-fbd48d9e8777', issuer='jfac@01epa9406d7fhp1gdrh3eq0zbc', subject='jfac@01epa9406d7fhp1gdrh3eq0zbc', expiry=1604515528018, refreshable=false
2020-11-04 18:43:28,450 [AUDIT] Token created by 'anonymous': tokenId='ebab3ad1-96e2-4a8b-9fca-edc26aa6ff21', issuer='jfac@01epa9406d7fhp1gdrh3eq0zbc', subject='jfac@01epa9406d7fhp1gdrh3eq0zbc', expiry=1604515528439, refreshable=false
2020-11-04 18:43:29,270 [AUDIT] Token created by 'anonymous': tokenId='69786063-ae5e-43e8-b67e-1fb454da6bc8', issuer='jfac@01epa9406d7fhp1gdrh3eq0zbc', subject='jfac@01epa9406d7fhp1gdrh3eq0zbc', expiry=1604515529259, refreshable=false
2020-11-04 18:43:29,953 [AUDIT] Token created by 'anonymous': tokenId='53a80077-042c-4326-a7ee-af738d716aea', issuer='jfrt@01epa94baapjv818ze46fv1ckg', subject='jfrt@01epa94baapjv818ze46fv1ckg', expiry=none, refreshable=false
2020-11-04 18:43:30,180 [AUDIT] Token created by 'anonymous': tokenId='e90a4536-ee44-4fc6-b3ef-323767450472', issuer='jfmd@01epa945bbmn4p1at053dq0gey', subject='jfmd@01epa945bbmn4p1at053dq0gey', expiry=none, refreshable=false
2020-11-04 18:43:30,285 [AUDIT] Token created by 'anonymous': tokenId='05d8ef31-4d56-4cf8-8c83-a8c23be7a86f', issuer='jfac@01epa9406d7fhp1gdrh3eq0zbc', subject='jfac@01epa9406d7fhp1gdrh3eq0zbc', expiry=1604515530283, refreshable=false
2020-11-04 18:43:35,411 [AUDIT] Token created by 'anonymous': tokenId='ed524352-9b59-4ee9-8e7c-1329d8fba79a', issuer='jffe@000', subject='jffe@000', expiry=none, refreshable=false
2020-11-04 18:43:35,459 [AUDIT] Token created by 'jffe@000': tokenId='0b756e0d-2d82-4a0e-b54a-fd8c4f5403c3', issuer='jffe@000', subject='jffe@000/users/jffe@000', expiry=1604516015459, refreshable=false
2020-11-04 18:43:55,153 [AUDIT] Token created by 'jffe@000': tokenId='95d1a280-662a-4112-b0f4-394edd7283df', issuer='jffe@000', subject='jffe@000/users/anonymous', expiry=1604516035152, refreshable=false
2020-11-04 18:43:55,156 [AUDIT] Token created by 'jffe@000': tokenId='97e230fa-b378-4f94-aec9-73cea32920ff', issuer='jffe@000', subject='jffe@000/users/anonymous', expiry=1604516035155, refreshable=false
2020-11-04 18:43:55,156 [AUDIT] Token created by 'jffe@000': tokenId='f6aca8b0-ae39-436a-a45a-6843b93d86cf', issuer='jffe@000', subject='jffe@000/users/anonymous', expiry=1604516035156, refreshable=false
2020-11-04 18:43:55,182 [AUDIT] Token created by 'jffe@000': tokenId='041798eb-8d37-419c-87a8-66d072c5f8e8', issuer='jffe@000', subject='jffe@000/users/anonymous', expiry=1604516035182, refreshable=false
2020-11-04 18:44:06,869 [AUDIT] Token created by 'jffe@000': tokenId='d99fb272-5f32-49e6-836a-fdff57a3bd7c', issuer='jffe@000', subject='jffe@000/users/admin', expiry=1604517246868, refreshable=true
2020-11-04 18:44:06,942 [AUDIT] Token created by 'jffe@000': tokenId='627ccb52-e40e-4816-87d3-f553cc202f5d', issuer='jffe@000', subject='jffe@000/users/admin', expiry=1604516046941, refreshable=false
2020-11-04 18:44:06,952 [AUDIT] Token created by 'jffe@000': tokenId='44bef1cd-c12d-44bd-a864-b14e99c79cab', issuer='jffe@000', subject='jffe@000/users/admin', expiry=1604516046951, refreshable=false
2020-11-04 18:44:06,954 [AUDIT] Token created by 'jffe@000': tokenId='61ad5e0d-c2c8-4e44-ad03-3108307f012d', issuer='jffe@000', subject='jffe@000/users/admin', expiry=1604516046953, refreshable=false
2020-11-04 18:44:07,070 [AUDIT] Token created by 'jffe@000': tokenId='ad3a710b-3582-49af-a275-8eb110dc43a3', issuer='jffe@000', subject='jffe@000/users/admin', expiry=1604516047070, refreshable=false
2020-11-04 18:44:07,405 [AUDIT] Token created by 'jffe@000': tokenId='ce5b04a6-25fe-4520-a3fe-7cdad7f71623', issuer='jffe@000', subject='jffe@000/users/admin', expiry=1604516047405, refreshable=false
2020-11-04 18:45:31,119 [AUDIT] Token created by 'jfrt@01epa94baapjv818ze46fv1ckg': tokenId='065cee92-4d74-4bb2-91fe-7a218433a693', issuer='jfrt@01epa94baapjv818ze46fv1ckg', subject='jfrt@01epa94baapjv818ze46fv1ckg', expiry=2550595531108, refreshable=false
2020-11-04 18:49:07,327 [AUDIT] Token refreshed by 'jffe@000': oldTokenId='d99fb272-5f32-49e6-836a-fdff57a3bd7c', tokenId='0ec29db9-9b4a-4da7-bd2c-c7ec8294a4fc', issuer='jffe@000', subject='jffe@000/users/admin', expiry=1604517547314, refreshable=true
2020-11-04 18:53:37,960 [AUDIT] Token created by 'jffe@000': tokenId='f3fd52b6-219d-463f-84de-7db0cd9ceb3c', issuer='jffe@000', subject='jffe@000/users/jffe@000', expiry=1604516617960, refreshable=false
2020-11-04 18:53:37,963 [AUDIT] Token created by 'jffe@000': tokenId='cd296071-15c7-4a6c-a26b-8801108526c8', issuer='jffe@000', subject='jffe@000/users/jffe@000', expiry=1604516617962, refreshable=false
2020-11-04 18:53:37,966 [AUDIT] Token created by 'jffe@000': tokenId='58f707de-143d-42dd-b6b4-3bdd1232ac64', issuer='jffe@000', subject='jffe@000/users/jffe@000', expiry=1604516617966, refreshable=false
2020-11-04 18:53:37,963 [AUDIT] Token created by 'jffe@000': tokenId='f24e3939-5da9-4b2d-bdd9-690b85646191', issuer='jffe@000', subject='jffe@000/users/jffe@000', expiry=1604516617963, refreshable=false
2020-11-04 18:54:07,323 [AUDIT] Token refreshed by 'jffe@000': oldTokenId='0ec29db9-9b4a-4da7-bd2c-c7ec8294a4fc', tokenId='a604782e-d29b-4252-b63d-45325f0022cc', issuer='jffe@000', subject='jffe@000/users/admin', expiry=1604517847311, refreshable=true
2020-11-04 18:54:07,329 [AUDIT] Token created by 'jffe@000': tokenId='730fe3bf-688d-471d-ab36-5e3acbf6d9f0', issuer='jffe@000', subject='jffe@000/users/admin', expiry=1604516647329, refreshable=false
2020-11-04 18:59:07,334 [AUDIT] Token refreshed by 'jffe@000': oldTokenId='a604782e-d29b-4252-b63d-45325f0022cc', tokenId='cfaf616b-7a6c-46c5-90bc-5636bef6a2ca', issuer='jffe@000', subject='jffe@000/users/admin', expiry=1604518147322, refreshable=true
2020-11-04 19:03:37,991 [AUDIT] Token created by 'jffe@000': tokenId='7cd1cfc5-43f5-41d6-a71b-caddf129eefc', issuer='jffe@000', subject='jffe@000/users/jffe@000', expiry=1604517217991, refreshable=false
2020-11-04 19:03:37,992 [AUDIT] Token created by 'jffe@000': tokenId='4f6bdfd7-15f0-48ec-91d0-a4dfa57aac5a', issuer='jffe@000', subject='jffe@000/users/jffe@000', expiry=1604517217992, refreshable=false
2020-11-04 19:03:37,994 [AUDIT] Token created by 'jffe@000': tokenId='f0e2764d-7460-4722-96b9-0d8fc93b0130', issuer='jffe@000', subject='jffe@000/users/jffe@000', expiry=1604517217994, refreshable=false
2020-11-04 19:03:37,997 [AUDIT] Token created by 'jffe@000': tokenId='dea7c430-57ba-42f6-9c4b-926aa8f95477', issuer='jffe@000', subject='jffe@000/users/jffe@000', expiry=1604517217997, refreshable=false
2020-11-04 19:04:07,305 [AUDIT] Token refreshed by 'jffe@000': oldTokenId='cfaf616b-7a6c-46c5-90bc-5636bef6a2ca', tokenId='eec4ef50-a19a-449d-bb2d-036e8c48efe6', issuer='jffe@000', subject='jffe@000/users/admin', expiry=1604518447293, refreshable=true
2020-11-04 19:04:07,310 [AUDIT] Token created by 'jffe@000': tokenId='dde4683e-59a7-4825-9466-4d07b785414b', issuer='jffe@000', subject='jffe@000/users/admin', expiry=1604517247310, refreshable=false
2020-11-04 19:09:07,312 [AUDIT] Token refreshed by 'jffe@000': oldTokenId='eec4ef50-a19a-449d-bb2d-036e8c48efe6', tokenId='22e555d7-42fc-46b1-8938-ee2dfc4f43b7', issuer='jffe@000', subject='jffe@000/users/admin', expiry=1604518747302, refreshable=true
2020-11-04 19:13:38,045 [AUDIT] Token created by 'jffe@000': tokenId='352af97e-1096-4f26-aaa4-e2dd3128d8a9', issuer='jffe@000', subject='jffe@000/users/jffe@000', expiry=1604517818044, refreshable=false
2020-11-04 19:13:38,045 [AUDIT] Token created by 'jffe@000': tokenId='9a5b0e35-ca04-4373-be33-aa291ec274c9', issuer='jffe@000', subject='jffe@000/users/jffe@000', expiry=1604517818045, refreshable=false
2020-11-04 19:13:38,046 [AUDIT] Token created by 'jffe@000': tokenId='8861f6cd-eb40-4698-924b-1824a02e569a', issuer='jffe@000', subject='jffe@000/users/jffe@000', expiry=1604517818046, refreshable=false
2020-11-04 19:13:38,046 [AUDIT] Token created by 'jffe@000': tokenId='50d0d78f-5630-4b89-94b1-6a7912798a7d', issuer='jffe@000', subject='jffe@000/users/jffe@000', expiry=1604517818046, refreshable=false
2020-11-04 19:14:07,312 [AUDIT] Token refreshed by 'jffe@000': oldTokenId='22e555d7-42fc-46b1-8938-ee2dfc4f43b7', tokenId='81b05863-334d-4a86-8ec0-62821ada6c46', issuer='jffe@000', subject='jffe@000/users/admin', expiry=1604519047310, refreshable=true
2020-11-04 19:14:07,319 [AUDIT] Token created by 'jffe@000': tokenId='584ce041-f8ef-4136-9989-e028e2c5b4d4', issuer='jffe@000', subject='jffe@000/users/admin', expiry=1604517847319, refreshable=false
2020-11-04 19:19:07,304 [AUDIT] Token refreshed by 'jffe@000': oldTokenId='81b05863-334d-4a86-8ec0-62821ada6c46', tokenId='ce2b32ea-671b-444f-9d51-daccd80f2725', issuer='jffe@000', subject='jffe@000/users/admin', expiry=1604519347293, refreshable=true
2020-11-04 19:23:38,140 [AUDIT] Token created by 'jffe@000': tokenId='52948b79-e9db-4e7d-9dc5-ebd9c9faf848', issuer='jffe@000', subject='jffe@000/users/jffe@000', expiry=1604518418140, refreshable=false
2020-11-04 19:23:38,140 [AUDIT] Token created by 'jffe@000': tokenId='028a8f35-eed4-4e61-9e84-14b7e178548b', issuer='jffe@000', subject='jffe@000/users/jffe@000', expiry=1604518418140, refreshable=false
2020-11-04 19:23:38,141 [AUDIT] Token created by 'jffe@000': tokenId='916e43f1-f2da-45bf-9957-b06e098938b8', issuer='jffe@000', subject='jffe@000/users/jffe@000', expiry=1604518418141, refreshable=false
2020-11-04 19:23:38,142 [AUDIT] Token created by 'jffe@000': tokenId='5ffab2d0-90e1-48b0-9715-c3d9e604983f', issuer='jffe@000', subject='jffe@000/users/jffe@000', expiry=1604518418142, refreshable=false
2020-11-04 19:24:07,304 [AUDIT] Token refreshed by 'jffe@000': oldTokenId='ce2b32ea-671b-444f-9d51-daccd80f2725', tokenId='280aee58-48b7-42c8-9834-268541ce2a17', issuer='jffe@000', subject='jffe@000/users/admin', expiry=1604519647293, refreshable=true
2020-11-04 19:24:07,311 [AUDIT] Token created by 'jffe@000': tokenId='05252828-a88f-4e16-b834-c8f1d88dc78f', issuer='jffe@000', subject='jffe@000/users/admin', expiry=1604518447311, refreshable=false
2020-11-04 19:29:07,313 [AUDIT] Token refreshed by 'jffe@000': oldTokenId='280aee58-48b7-42c8-9834-268541ce2a17', tokenId='e451310b-c1c5-42f1-a38b-e8f143798742', issuer='jffe@000', subject='jffe@000/users/admin', expiry=1604519947302, refreshable=true
2020-11-04 19:33:38,166 [AUDIT] Token created by 'jffe@000': tokenId='2eb4e33c-06cd-410e-be94-25ef6ec4e2a0', issuer='jffe@000', subject='jffe@000/users/jffe@000', expiry=1604519018165, refreshable=false
2020-11-04 19:33:38,166 [AUDIT] Token created by 'jffe@000': tokenId='e62fd2b5-097d-4599-96d8-577197bbc850', issuer='jffe@000', subject='jffe@000/users/jffe@000', expiry=1604519018166, refreshable=false
2020-11-04 19:33:38,167 [AUDIT] Token created by 'jffe@000': tokenId='c25860dc-8711-4c40-a3f6-dd8d7acce9e2', issuer='jffe@000', subject='jffe@000/users/jffe@000', expiry=1604519018167, refreshable=false
2020-11-04 19:33:38,166 [AUDIT] Token created by 'jffe@000': tokenId='80f09f95-3142-4696-a613-a5f01b80415b', issuer='jffe@000', subject='jffe@000/users/jffe@000', expiry=1604519018166, refreshable=false
2020-11-04 19:34:07,301 [AUDIT] Token refreshed by 'jffe@000': oldTokenId='e451310b-c1c5-42f1-a38b-e8f143798742', tokenId='4eabccdf-4f9e-4f73-b4fc-ccad791bfc1f', issuer='jffe@000', subject='jffe@000/users/admin', expiry=1604520247299, refreshable=true
2020-11-04 19:34:07,306 [AUDIT] Token created by 'jffe@000': tokenId='a04a92b9-621d-4c41-bc53-4d21561b6717', issuer='jffe@000', subject='jffe@000/users/admin', expiry=1604519047306, refreshable=false
2020-11-04 19:39:07,305 [AUDIT] Token refreshed by 'jffe@000': oldTokenId='4eabccdf-4f9e-4f73-b4fc-ccad791bfc1f', tokenId='cefdccd2-905d-40bc-82c1-f51c5b5ad974', issuer='jffe@000', subject='jffe@000/users/admin', expiry=1604520547295, refreshable=true
2020-11-04 19:42:07,147 [AUDIT] Token created by 'anonymous': tokenId='bd03af5d-9255-4d41-a854-53199baacc3e', issuer='jfrou@01epa9445b6rjsegm3bjdzz0e1', subject='jfrou@01epa9445b6rjsegm3bjdzz0e1', expiry=none, refreshable=false
2020-11-04 19:42:09,082 [AUDIT] Token created by 'anonymous': tokenId='9b178893-21a6-443e-b317-8c1229890d39', issuer='jfac@01epa9406d7fhp1gdrh3eq0zbc', subject='jfac@01epa9406d7fhp1gdrh3eq0zbc', expiry=1604519049067, refreshable=false
2020-11-04 19:42:09,221 [AUDIT] Token created by 'anonymous': tokenId='24b58f1c-598c-4ecb-8922-74a587fce7f6', issuer='jfac@01epa9406d7fhp1gdrh3eq0zbc', subject='jfac@01epa9406d7fhp1gdrh3eq0zbc', expiry=1604519049209, refreshable=false
2020-11-04 19:42:09,451 [AUDIT] Token created by 'anonymous': tokenId='1a3aeac4-cc85-4448-916e-205a83a73caf', issuer='jfac@01epa9406d7fhp1gdrh3eq0zbc', subject='jfac@01epa9406d7fhp1gdrh3eq0zbc', expiry=1604519049440, refreshable=false
2020-11-04 19:42:09,814 [AUDIT] Token created by 'anonymous': tokenId='e3498bbb-580c-4d97-8e5d-2a3711aeea3b', issuer='jfrt@01epa94baapjv818ze46fv1ckg', subject='jfrt@01epa94baapjv818ze46fv1ckg', expiry=none, refreshable=false
2020-11-04 19:42:09,863 [AUDIT] Token created by 'anonymous': tokenId='e32b55dc-c949-4669-84d0-b2733f6540a8', issuer='jfac@01epa9406d7fhp1gdrh3eq0zbc', subject='jfac@01epa9406d7fhp1gdrh3eq0zbc', expiry=1604519049861, refreshable=false
2020-11-04 19:42:10,273 [AUDIT] Token created by 'anonymous': tokenId='5161cd5e-11e5-45e5-881b-06dc1ff3c0b4', issuer='jfmd@01epa945bbmn4p1at053dq0gey', subject='jfmd@01epa945bbmn4p1at053dq0gey', expiry=none, refreshable=false
2020-11-04 19:42:16,938 [AUDIT] Token created by 'anonymous': tokenId='07146ff6-a517-477e-aa6e-157e23a7e63f', issuer='jffe@000', subject='jffe@000', expiry=none, refreshable=false
2020-11-04 19:42:16,983 [AUDIT] Token created by 'jffe@000': tokenId='0deefd78-2041-4be2-8378-c74d21697dd1', issuer='jffe@000', subject='jffe@000/users/jffe@000', expiry=1604519536982, refreshable=false
2020-11-04 19:42:27,635 [AUDIT] Token created by 'jffe@000': tokenId='ba0f4987-b491-4945-a76e-42867ab255c4', issuer='jffe@000', subject='jffe@000/users/admin', expiry=1604519547635, refreshable=false
2020-11-04 19:44:07,347 [AUDIT] Token refreshed by 'jffe@000': oldTokenId='cefdccd2-905d-40bc-82c1-f51c5b5ad974', tokenId='a9a27f0f-5c01-427c-9faa-30987029ec8e', issuer='jffe@000', subject='jffe@000/users/admin', expiry=1604520847333, refreshable=true
2020-11-04 19:44:11,282 [AUDIT] Token created by 'jfrt@01epa94baapjv818ze46fv1ckg': tokenId='1b8deea3-6a14-4cf1-a7fc-5bc4b1b4d747', issuer='jfrt@01epa94baapjv818ze46fv1ckg', subject='jfrt@01epa94baapjv818ze46fv1ckg', expiry=2550599051271, refreshable=false
2020-11-04 19:52:19,875 [AUDIT] Token created by 'jffe@000': tokenId='973aa331-9782-4ab6-8a65-bc7e91c7c86c', issuer='jffe@000', subject='jffe@000/users/jffe@000', expiry=1604520139875, refreshable=false
2020-11-04 19:52:19,875 [AUDIT] Token created by 'jffe@000': tokenId='4dc6ed81-4b26-47e2-b9f5-2b3504a20a42', issuer='jffe@000', subject='jffe@000/users/jffe@000', expiry=1604520139875, refreshable=false
2020-11-04 19:52:19,875 [AUDIT] Token created by 'jffe@000': tokenId='ec3b449e-812b-4d8d-b361-f8f90207fb1a', issuer='jffe@000', subject='jffe@000/users/jffe@000', expiry=1604520139875, refreshable=false
2020-11-04 19:52:19,894 [AUDIT] Token created by 'jffe@000': tokenId='3cc242d8-e61b-4c54-be77-8207ded8da5d', issuer='jffe@000', subject='jffe@000/users/jffe@000', expiry=1604520139894, refreshable=false
2020-11-04 20:02:20,009 [AUDIT] Token created by 'jffe@000': tokenId='f58635e1-94ae-4883-81f5-cbad11ab4985', issuer='jffe@000', subject='jffe@000/users/jffe@000', expiry=1604520740009, refreshable=false
2020-11-04 20:02:20,012 [AUDIT] Token created by 'jffe@000': tokenId='7ccb26cb-dec2-4beb-bf07-fe8f7236a583', issuer='jffe@000', subject='jffe@000/users/jffe@000', expiry=1604520740011, refreshable=false
2020-11-04 20:02:20,013 [AUDIT] Token created by 'jffe@000': tokenId='1aa555a1-d124-4642-bf55-59a3bc96bb9b', issuer='jffe@000', subject='jffe@000/users/jffe@000', expiry=1604520740011, refreshable=false
2020-11-04 20:02:20,028 [AUDIT] Token created by 'jffe@000': tokenId='12777eaf-86fe-484d-b988-df1363213292', issuer='jffe@000', subject='jffe@000/users/jffe@000', expiry=1604520740026, refreshable=false
2020-11-04 20:12:20,105 [AUDIT] Token created by 'jffe@000': tokenId='f1171e10-29d7-4e16-a929-bd66cbb01dad', issuer='jffe@000', subject='jffe@000/users/jffe@000', expiry=1604521340105, refreshable=false
2020-11-04 20:12:20,105 [AUDIT] Token created by 'jffe@000': tokenId='b04db099-fa1a-47eb-ba39-9da8f867518b', issuer='jffe@000', subject='jffe@000/users/jffe@000', expiry=1604521340105, refreshable=false
2020-11-04 20:12:20,111 [AUDIT] Token created by 'jffe@000': tokenId='9b5fd7a7-42d9-40e9-8ffc-b1739223ec57', issuer='jffe@000', subject='jffe@000/users/jffe@000', expiry=1604521340110, refreshable=false
2020-11-04 20:12:20,112 [AUDIT] Token created by 'jffe@000': tokenId='dd4f62f7-2822-43dd-94d8-d2700032c269', issuer='jffe@000', subject='jffe@000/users/jffe@000', expiry=1604521340112, refreshable=false
2020-11-04 20:22:20,200 [AUDIT] Token created by 'jffe@000': tokenId='8defbc2b-dd13-4370-9a1c-906bf4745d0f', issuer='jffe@000', subject='jffe@000/users/jffe@000', expiry=1604521940200, refreshable=false
2020-11-04 20:22:20,201 [AUDIT] Token created by 'jffe@000': tokenId='d443aae3-9f6b-44fe-9478-761092807a9f', issuer='jffe@000', subject='jffe@000/users/jffe@000', expiry=1604521940201, refreshable=false
2020-11-04 20:22:20,202 [AUDIT] Token created by 'jffe@000': tokenId='c870d007-3f3d-489f-9914-26b3cbbc1f6d', issuer='jffe@000', subject='jffe@000/users/jffe@000', expiry=1604521940202, refreshable=false
2020-11-04 20:22:20,211 [AUDIT] Token created by 'jffe@000': tokenId='f2ab0611-7bb1-4cb3-bd12-fb72dc2dcd8a', issuer='jffe@000', subject='jffe@000/users/jffe@000', expiry=1604521940211, refreshable=false
2020-11-04 20:32:20,808 [AUDIT] Token created by 'jffe@000': tokenId='96f04f72-1d2e-4f96-bc6e-bcd1e81e6973', issuer='jffe@000', subject='jffe@000/users/jffe@000', expiry=1604522540807, refreshable=false
2020-11-04 20:32:20,808 [AUDIT] Token created by 'jffe@000': tokenId='3e2ed141-5daa-4a6c-b02f-995b567bd516', issuer='jffe@000', subject='jffe@000/users/jffe@000', expiry=1604522540808, refreshable=false
2020-11-04 20:32:20,815 [AUDIT] Token created by 'jffe@000': tokenId='d3f986c6-96b9-4204-9004-c1632fc01b99', issuer='jffe@000', subject='jffe@000/users/jffe@000', expiry=1604522540814, refreshable=false
2020-11-04 20:32:20,818 [AUDIT] Token created by 'jffe@000': tokenId='fc70affd-a9bf-4eee-b5e9-73c54201abe3', issuer='jffe@000', subject='jffe@000/users/jffe@000', expiry=1604522540818, refreshable=false
2020-11-04 20:41:25,665 [AUDIT] Token created by 'jffe@000': tokenId='40f9b3c3-2622-4d26-817a-2301a57d8993', issuer='jffe@000', subject='jffe@000/users/anonymous', expiry=1604523085665, refreshable=false
2020-11-04 20:41:25,666 [AUDIT] Token created by 'jffe@000': tokenId='f5a43b3b-7ec7-4ca4-8e5b-e09a951a8285', issuer='jffe@000', subject='jffe@000/users/anonymous', expiry=1604523085666, refreshable=false
2020-11-04 20:41:25,672 [AUDIT] Token created by 'jffe@000': tokenId='4cc45ef3-429b-4c44-bfbb-60b06c1c295d', issuer='jffe@000', subject='jffe@000/users/anonymous', expiry=1604523085672, refreshable=false
2020-11-04 20:41:25,678 [AUDIT] Token created by 'jffe@000': tokenId='5aad428c-ebc3-4d82-b007-2b0350ce75fa', issuer='jffe@000', subject='jffe@000/users/anonymous', expiry=1604523085678, refreshable=false
2020-11-04 20:41:30,801 [AUDIT] Token created by 'jffe@000': tokenId='d145d681-1a93-4d4c-bd5a-9b112e678c49', issuer='jffe@000', subject='jffe@000/users/admin', expiry=1604524290793, refreshable=true
2020-11-04 20:41:30,854 [AUDIT] Token created by 'jffe@000': tokenId='79145e8b-2ef4-4a45-8a99-a77528cf9757', issuer='jffe@000', subject='jffe@000/users/admin', expiry=1604523090854, refreshable=false
2020-11-04 20:41:30,857 [AUDIT] Token created by 'jffe@000': tokenId='7d680cbd-57da-4613-950f-4675a8da22d3', issuer='jffe@000', subject='jffe@000/users/admin', expiry=1604523090857, refreshable=false
2020-11-04 20:41:30,857 [AUDIT] Token created by 'jffe@000': tokenId='506f79a8-e6cf-448e-ba95-50b34f092119', issuer='jffe@000', subject='jffe@000/users/admin', expiry=1604523090857, refreshable=false
2020-11-04 20:41:30,942 [AUDIT] Token created by 'jffe@000': tokenId='544cb6c6-78fe-4af8-b768-3a4d16df2df6', issuer='jffe@000', subject='jffe@000/users/admin', expiry=1604523090942, refreshable=false
2020-11-04 20:41:31,211 [AUDIT] Token created by 'jffe@000': tokenId='5970d8bc-3d65-436a-ad39-4f68cb0c4d74', issuer='jffe@000', subject='jffe@000/users/admin', expiry=1604523091211, refreshable=false
2020-11-04 20:42:21,341 [AUDIT] Token created by 'jffe@000': tokenId='9a47ff2a-aebc-410f-8b7a-b1217dd48bd4', issuer='jffe@000', subject='jffe@000/users/jffe@000', expiry=1604523141341, refreshable=false
2020-11-04 20:42:21,341 [AUDIT] Token created by 'jffe@000': tokenId='26c766e0-2f51-42a2-b49d-cdb1edd050f3', issuer='jffe@000', subject='jffe@000/users/jffe@000', expiry=1604523141341, refreshable=false
2020-11-04 20:42:21,341 [AUDIT] Token created by 'jffe@000': tokenId='552815e2-d9d8-4c17-9c21-c34968bf76f3', issuer='jffe@000', subject='jffe@000/users/jffe@000', expiry=1604523141341, refreshable=false
2020-11-04 20:42:21,341 [AUDIT] Token created by 'jffe@000': tokenId='27d1dbf9-0c58-4b20-a5f2-f04b204fe78f', issuer='jffe@000', subject='jffe@000/users/jffe@000', expiry=1604523141341, refreshable=false
2020-11-04 20:46:31,305 [AUDIT] Token refreshed by 'jffe@000': oldTokenId='d145d681-1a93-4d4c-bd5a-9b112e678c49', tokenId='62044c1e-bcb6-469e-9cc7-1ae97c8fdf0b', issuer='jffe@000', subject='jffe@000/users/admin', expiry=1604524591303, refreshable=true
2020-11-04 20:51:31,315 [AUDIT] Token refreshed by 'jffe@000': oldTokenId='62044c1e-bcb6-469e-9cc7-1ae97c8fdf0b', tokenId='925a8536-d902-4ce0-8df8-5c1c4afc9094', issuer='jffe@000', subject='jffe@000/users/admin', expiry=1604524891304, refreshable=true
2020-11-04 20:51:31,320 [AUDIT] Token created by 'jffe@000': tokenId='d62059f0-351f-4f9b-8a6a-ef9eb718f4b9', issuer='jffe@000', subject='jffe@000/users/admin', expiry=1604523691320, refreshable=false
2020-11-04 20:52:21,436 [AUDIT] Token created by 'jffe@000': tokenId='67c054b0-8ea7-4ba8-8c9a-60d390ba7e1d', issuer='jffe@000', subject='jffe@000/users/jffe@000', expiry=1604523741436, refreshable=false
2020-11-04 20:52:21,437 [AUDIT] Token created by 'jffe@000': tokenId='ecbe1328-f94c-4a58-be19-f27627e1f18d', issuer='jffe@000', subject='jffe@000/users/jffe@000', expiry=1604523741437, refreshable=false
2020-11-04 20:52:21,437 [AUDIT] Token created by 'jffe@000': tokenId='1a759b47-1107-4a4c-9072-42cee190ad21', issuer='jffe@000', subject='jffe@000/users/jffe@000', expiry=1604523741437, refreshable=false
2020-11-04 20:52:21,441 [AUDIT] Token created by 'jffe@000': tokenId='02faa6e2-e89e-4292-a4e1-9c9c3c1e5920', issuer='jffe@000', subject='jffe@000/users/jffe@000', expiry=1604523741441, refreshable=false
2020-11-04 20:56:31,322 [AUDIT] Token refreshed by 'jffe@000': oldTokenId='925a8536-d902-4ce0-8df8-5c1c4afc9094', tokenId='3831c8fc-e81a-456a-a3d9-42d5af646ec2', issuer='jffe@000', subject='jffe@000/users/admin', expiry=1604525191310, refreshable=true
2020-11-04 20:56:32,219 [AUDIT] Token created by 'jffe@000': tokenId='8d69008e-fff5-4be8-adbf-4f25bdcd397a', issuer='jffe@000', subject='jffe@000/users/admin', expiry=1604523992219, refreshable=false
2020-11-04 20:56:36,799 [AUDIT] Token created by 'jffe@000': tokenId='11700eb1-e7be-4bbb-bf0d-e1135b880a93', issuer='jffe@000', subject='jffe@000/users/anonymous', expiry=1604523996799, refreshable=false
2020-11-04 21:00:41,491 [AUDIT] Token revoked by 'jffe@000': tokenId='3831c8fc-e81a-456a-a3d9-42d5af646ec2', issuer='jffe@000', subject='jffe@000/users/admin', expiry=1604525191310, refreshable=true
2020-11-04 21:02:21,603 [AUDIT] Token created by 'jffe@000': tokenId='5c4389c7-a25e-4580-8473-0f3a670dfef5', issuer='jffe@000', subject='jffe@000/users/jffe@000', expiry=1604524341603, refreshable=false
2020-11-04 21:02:21,605 [AUDIT] Token created by 'jffe@000': tokenId='726233b1-2665-4ea2-8df8-0e3adbda30c6', issuer='jffe@000', subject='jffe@000/users/jffe@000', expiry=1604524341605, refreshable=false
2020-11-04 21:02:21,626 [AUDIT] Token created by 'jffe@000': tokenId='9646e0e4-b1ee-498f-80cc-2b13e97b555d', issuer='jffe@000', subject='jffe@000/users/jffe@000', expiry=1604524341626, refreshable=false
2020-11-04 21:02:21,637 [AUDIT] Token created by 'jffe@000': tokenId='17aff022-7e6d-45dd-a71f-e9d4ab767b31', issuer='jffe@000', subject='jffe@000/users/jffe@000', expiry=1604524341637, refreshable=false
2020-11-04 21:12:21,786 [AUDIT] Token created by 'jffe@000': tokenId='a5b6212d-b3b1-4e31-8b55-76b2e6c96707', issuer='jffe@000', subject='jffe@000/users/jffe@000', expiry=1604524941786, refreshable=false
2020-11-04 21:12:21,786 [AUDIT] Token created by 'jffe@000': tokenId='9e3ae726-a2bf-417f-8202-f4390bc5caf5', issuer='jffe@000', subject='jffe@000/users/jffe@000', expiry=1604524941786, refreshable=false
2020-11-04 21:12:21,786 [AUDIT] Token created by 'jffe@000': tokenId='4224ce31-5e6c-489f-92e7-caa0e016bed2', issuer='jffe@000', subject='jffe@000/users/jffe@000', expiry=1604524941786, refreshable=false
2020-11-04 21:12:21,791 [AUDIT] Token created by 'jffe@000': tokenId='509fdcf4-206c-4af6-9b5c-f84a0a599784', issuer='jffe@000', subject='jffe@000/users/jffe@000', expiry=1604524941790, refreshable=false
2020-11-04 21:22:21,881 [AUDIT] Token created by 'jffe@000': tokenId='a6beb5f4-59a3-4df9-a11e-510f84b79708', issuer='jffe@000', subject='jffe@000/users/jffe@000', expiry=1604525541881, refreshable=false
2020-11-04 21:22:21,884 [AUDIT] Token created by 'jffe@000': tokenId='d521e163-1b9c-4fa9-9dc5-ccb063fc8d1b', issuer='jffe@000', subject='jffe@000/users/jffe@000', expiry=1604525541883, refreshable=false
2020-11-04 21:22:21,885 [AUDIT] Token created by 'jffe@000': tokenId='5483a9d0-5d10-4cd5-9ddd-a5bfc17faf84', issuer='jffe@000', subject='jffe@000/users/jffe@000', expiry=1604525541885, refreshable=false
2020-11-04 21:22:21,892 [AUDIT] Token created by 'jffe@000': tokenId='4e40e8bc-8d32-4796-b328-77c591a4a408', issuer='jffe@000', subject='jffe@000/users/jffe@000', expiry=1604525541892, refreshable=false
2020-11-04 21:32:21,983 [AUDIT] Token created by 'jffe@000': tokenId='b41078b7-b946-4423-a16b-ab1586406882', issuer='jffe@000', subject='jffe@000/users/jffe@000', expiry=1604526141983, refreshable=false
2020-11-04 21:32:21,985 [AUDIT] Token created by 'jffe@000': tokenId='0c757911-049d-4b30-b978-c86bcb29fc65', issuer='jffe@000', subject='jffe@000/users/jffe@000', expiry=1604526141985, refreshable=false
2020-11-04 21:32:21,985 [AUDIT] Token created by 'jffe@000': tokenId='fce61b34-5171-4380-b3a2-c85630a53a39', issuer='jffe@000', subject='jffe@000/users/jffe@000', expiry=1604526141985, refreshable=false
2020-11-04 21:32:22,002 [AUDIT] Token created by 'jffe@000': tokenId='0cb12aa8-713d-4677-8670-8a9ce1b6ea45', issuer='jffe@000', subject='jffe@000/users/jffe@000', expiry=1604526142002, refreshable=false
2020-11-04 21:42:22,094 [AUDIT] Token created by 'jffe@000': tokenId='661bd700-bed7-476d-8b4a-f0f73639973b', issuer='jffe@000', subject='jffe@000/users/jffe@000', expiry=1604526742094, refreshable=false
2020-11-04 21:42:22,095 [AUDIT] Token created by 'jffe@000': tokenId='7945504b-ad86-4b5a-aae8-910b7efd0c80', issuer='jffe@000', subject='jffe@000/users/jffe@000', expiry=1604526742094, refreshable=false
2020-11-04 21:42:22,107 [AUDIT] Token created by 'jffe@000': tokenId='9d70a2bf-eeb5-4ee5-9ca4-5b13a5945ac2', issuer='jffe@000', subject='jffe@000/users/jffe@000', expiry=1604526742107, refreshable=false
2020-11-04 21:42:22,107 [AUDIT] Token created by 'jffe@000': tokenId='2cad0ff5-e9d5-4880-8236-bbb7b2c7d680', issuer='jffe@000', subject='jffe@000/users/jffe@000', expiry=1604526742107, refreshable=false
2020-11-04 21:52:22,252 [AUDIT] Token created by 'jffe@000': tokenId='47c63a34-c70d-4244-8e28-a4a1678fb85d', issuer='jffe@000', subject='jffe@000/users/jffe@000', expiry=1604527342252, refreshable=false
2020-11-04 21:52:22,255 [AUDIT] Token created by 'jffe@000': tokenId='79bd446f-b616-4db3-8d12-d7e7ce2915af', issuer='jffe@000', subject='jffe@000/users/jffe@000', expiry=1604527342255, refreshable=false
2020-11-04 21:52:22,259 [AUDIT] Token created by 'jffe@000': tokenId='93f2ce06-7698-47e4-90db-57a3a31c05c6', issuer='jffe@000', subject='jffe@000/users/jffe@000', expiry=1604527342258, refreshable=false
2020-11-04 21:52:22,261 [AUDIT] Token created by 'jffe@000': tokenId='ddc2321f-e206-47aa-9635-14a3b544e3ec', issuer='jffe@000', subject='jffe@000/users/jffe@000', expiry=1604527342260, refreshable=false
2020-11-04 22:02:22,590 [AUDIT] Token created by 'jffe@000': tokenId='8ccd116f-f505-4443-b90f-d4b232a58f08', issuer='jffe@000', subject='jffe@000/users/jffe@000', expiry=1604527942589, refreshable=false
2020-11-04 22:02:22,590 [AUDIT] Token created by 'jffe@000': tokenId='b522a0af-3c60-471d-87c3-9496daad6f5a', issuer='jffe@000', subject='jffe@000/users/jffe@000', expiry=1604527942590, refreshable=false
2020-11-04 22:02:22,590 [AUDIT] Token created by 'jffe@000': tokenId='f368ed05-fbb0-4806-a955-3075e517375c', issuer='jffe@000', subject='jffe@000/users/jffe@000', expiry=1604527942590, refreshable=false
2020-11-04 22:02:22,592 [AUDIT] Token created by 'jffe@000': tokenId='21e84c31-982a-4728-a2a1-cc4b151c7313', issuer='jffe@000', subject='jffe@000/users/jffe@000', expiry=1604527942592, refreshable=false
2020-11-04 22:12:23,136 [AUDIT] Token created by 'jffe@000': tokenId='b1b3a7ce-420b-4af6-a5e8-8cb5e4e05e55', issuer='jffe@000', subject='jffe@000/users/jffe@000', expiry=1604528543136, refreshable=false
2020-11-04 22:12:23,136 [AUDIT] Token created by 'jffe@000': tokenId='997d33eb-c1d5-4441-91cb-a24c254ed844', issuer='jffe@000', subject='jffe@000/users/jffe@000', expiry=1604528543136, refreshable=false
2020-11-04 22:12:23,147 [AUDIT] Token created by 'jffe@000': tokenId='e22ff953-699f-477e-8028-dc6fdee69d49', issuer='jffe@000', subject='jffe@000/users/jffe@000', expiry=1604528543147, refreshable=false
2020-11-04 22:12:23,147 [AUDIT] Token created by 'jffe@000': tokenId='80b8a958-e833-4f07-ba57-5d03c6455f57', issuer='jffe@000', subject='jffe@000/users/jffe@000', expiry=1604528543147, refreshable=false
2020-11-09 18:18:45,725 [AUDIT] Token created by 'anonymous': tokenId='cb2423d2-de9a-4567-a613-15942aa9921c', issuer='jfrou@01epa9445b6rjsegm3bjdzz0e1', subject='jfrou@01epa9445b6rjsegm3bjdzz0e1', expiry=none, refreshable=false
2020-11-09 18:18:48,669 [AUDIT] Token created by 'anonymous': tokenId='f8489edd-6e12-4114-a00b-dabe416267c9', issuer='jfac@01epa9406d7fhp1gdrh3eq0zbc', subject='jfac@01epa9406d7fhp1gdrh3eq0zbc', expiry=1604946048662, refreshable=false
2020-11-09 18:18:48,807 [AUDIT] Token created by 'anonymous': tokenId='65392c2a-a894-4ddf-b767-36308feaefc1', issuer='jfac@01epa9406d7fhp1gdrh3eq0zbc', subject='jfac@01epa9406d7fhp1gdrh3eq0zbc', expiry=1604946048794, refreshable=false
2020-11-09 18:18:49,022 [AUDIT] Token created by 'anonymous': tokenId='e5de1414-f04a-41ce-995b-829e9ec069ad', issuer='jfac@01epa9406d7fhp1gdrh3eq0zbc', subject='jfac@01epa9406d7fhp1gdrh3eq0zbc', expiry=1604946049020, refreshable=false
2020-11-09 18:18:49,460 [AUDIT] Token created by 'anonymous': tokenId='15fae7eb-f04b-4342-a332-ef90b4712955', issuer='jfac@01epa9406d7fhp1gdrh3eq0zbc', subject='jfac@01epa9406d7fhp1gdrh3eq0zbc', expiry=1604946049449, refreshable=false
2020-11-09 18:18:50,304 [AUDIT] Token created by 'anonymous': tokenId='eec928a7-61e8-4bbf-8894-0ca5a152f822', issuer='jfac@01epa9406d7fhp1gdrh3eq0zbc', subject='jfac@01epa9406d7fhp1gdrh3eq0zbc', expiry=1604946050293, refreshable=false
2020-11-09 18:18:50,737 [AUDIT] Token created by 'anonymous': tokenId='597b40ef-7ad3-4140-b06c-a040d9b24dd5', issuer='jfmd@01epa945bbmn4p1at053dq0gey', subject='jfmd@01epa945bbmn4p1at053dq0gey', expiry=none, refreshable=false
2020-11-09 18:18:51,261 [AUDIT] Token created by 'anonymous': tokenId='d172ba70-c24d-4509-a67f-e27eb36d5b1f', issuer='jfrt@01epa94baapjv818ze46fv1ckg', subject='jfrt@01epa94baapjv818ze46fv1ckg', expiry=none, refreshable=false
2020-11-09 18:18:52,624 [AUDIT] Token created by 'jfrt@01epa94baapjv818ze46fv1ckg': tokenId='3c3ffdcd-122e-448d-a324-cb0ae0b2da40', issuer='jfrt@01epa94baapjv818ze46fv1ckg', subject='jfrt@01epa94baapjv818ze46fv1ckg', expiry=2551025932622, refreshable=false
2020-11-09 18:18:56,983 [AUDIT] Token created by 'anonymous': tokenId='3e7b8295-37d5-4ef7-ac9b-367565345ff8', issuer='jffe@000', subject='jffe@000', expiry=none, refreshable=false
2020-11-09 18:18:57,015 [AUDIT] Token created by 'jffe@000': tokenId='e911fc6b-b05d-463b-94d5-17824d82b108', issuer='jffe@000', subject='jffe@000/users/jffe@000', expiry=1604946537015, refreshable=false
2020-11-09 18:19:08,474 [AUDIT] Token created by 'jffe@000': tokenId='85753a11-d724-405f-8939-5ae89fbfccd2', issuer='jffe@000', subject='jffe@000/users/anonymous', expiry=1604946548474, refreshable=false
2020-11-09 18:19:08,493 [AUDIT] Token created by 'jffe@000': tokenId='bf539190-5192-4361-bc0c-d761063c7d6e', issuer='jffe@000', subject='jffe@000/users/anonymous', expiry=1604946548492, refreshable=false
2020-11-09 18:19:08,501 [AUDIT] Token created by 'jffe@000': tokenId='c34a68ff-fdc3-478e-afc1-b0ff1c6eb78c', issuer='jffe@000', subject='jffe@000/users/anonymous', expiry=1604946548501, refreshable=false
2020-11-09 18:19:08,505 [AUDIT] Token created by 'jffe@000': tokenId='5017f848-b1ae-4dc3-ad59-d3be65fc87b3', issuer='jffe@000', subject='jffe@000/users/anonymous', expiry=1604946548504, refreshable=false
2020-11-09 18:19:13,486 [AUDIT] Token created by 'jffe@000': tokenId='d05ea668-a43a-4167-be7b-244327a5488b', issuer='jffe@000', subject='jffe@000/users/admin', expiry=1604947753480, refreshable=true
2020-11-09 18:19:13,561 [AUDIT] Token created by 'jffe@000': tokenId='3ae83ea3-987d-47be-9579-bbb1dd475867', issuer='jffe@000', subject='jffe@000/users/admin', expiry=1604946553561, refreshable=false
2020-11-09 18:19:13,562 [AUDIT] Token created by 'jffe@000': tokenId='7489d69f-b0ec-411b-ae9f-cdc6d902c691', issuer='jffe@000', subject='jffe@000/users/admin', expiry=1604946553562, refreshable=false
2020-11-09 18:19:13,562 [AUDIT] Token created by 'jffe@000': tokenId='db93f8a1-51a4-49f9-b761-9e6d5fbb8aae', issuer='jffe@000', subject='jffe@000/users/admin', expiry=1604946553562, refreshable=false
2020-11-09 18:19:13,653 [AUDIT] Token created by 'jffe@000': tokenId='1fed551b-8600-4a8a-81c8-c67ed131dd6e', issuer='jffe@000', subject='jffe@000/users/admin', expiry=1604946553653, refreshable=false
2020-11-09 18:19:13,959 [AUDIT] Token created by 'jffe@000': tokenId='23a8742d-1115-4908-868f-287821ecb3a1', issuer='jffe@000', subject='jffe@000/users/admin', expiry=1604946553959, refreshable=false
2020-11-09 18:24:58,848 [AUDIT] Token created by 'anonymous': tokenId='9efe1103-26ea-4e89-9086-ac7ab02f1ce9', issuer='jfrou@01epa9445b6rjsegm3bjdzz0e1', subject='jfrou@01epa9445b6rjsegm3bjdzz0e1', expiry=none, refreshable=false
2020-11-09 18:25:02,298 [AUDIT] Token created by 'anonymous': tokenId='51cf6021-03f8-43a3-b136-ee6c00de6db1', issuer='jfac@01epa9406d7fhp1gdrh3eq0zbc', subject='jfac@01epa9406d7fhp1gdrh3eq0zbc', expiry=1604946422291, refreshable=false
2020-11-09 18:25:02,430 [AUDIT] Token created by 'anonymous': tokenId='5c93a182-fd2d-4b36-87af-3b0330ec1ad1', issuer='jfac@01epa9406d7fhp1gdrh3eq0zbc', subject='jfac@01epa9406d7fhp1gdrh3eq0zbc', expiry=1604946422429, refreshable=false
2020-11-09 18:25:02,701 [AUDIT] Token created by 'anonymous': tokenId='7acaabf4-4774-47d9-89fb-2441ef95ea00', issuer='jfac@01epa9406d7fhp1gdrh3eq0zbc', subject='jfac@01epa9406d7fhp1gdrh3eq0zbc', expiry=1604946422678, refreshable=false
2020-11-09 18:25:03,122 [AUDIT] Token created by 'anonymous': tokenId='c2263791-d37d-47b4-908f-63e15eb46840', issuer='jfac@01epa9406d7fhp1gdrh3eq0zbc', subject='jfac@01epa9406d7fhp1gdrh3eq0zbc', expiry=1604946423111, refreshable=false
2020-11-09 18:25:03,303 [AUDIT] Token created by 'anonymous': tokenId='3fbdc6ec-5a7c-4b76-baba-477272edab69', issuer='jfmd@01epa945bbmn4p1at053dq0gey', subject='jfmd@01epa945bbmn4p1at053dq0gey', expiry=none, refreshable=false
2020-11-09 18:25:03,953 [AUDIT] Token created by 'anonymous': tokenId='2987ebe3-d9ab-429c-a740-a1358d2dd870', issuer='jfac@01epa9406d7fhp1gdrh3eq0zbc', subject='jfac@01epa9406d7fhp1gdrh3eq0zbc', expiry=1604946423942, refreshable=false
2020-11-09 18:25:04,133 [AUDIT] Token created by 'anonymous': tokenId='e8a2f33a-28ff-4859-aa39-b39b5ab84470', issuer='jfrt@01epa94baapjv818ze46fv1ckg', subject='jfrt@01epa94baapjv818ze46fv1ckg', expiry=none, refreshable=false
2020-11-09 18:25:05,249 [AUDIT] Token created by 'jfrt@01epa94baapjv818ze46fv1ckg': tokenId='733d4ff2-c264-4ad8-8330-749a187bff5c', issuer='jfrt@01epa94baapjv818ze46fv1ckg', subject='jfrt@01epa94baapjv818ze46fv1ckg', expiry=2551026305248, refreshable=false
2020-11-09 18:25:09,393 [AUDIT] Token created by 'anonymous': tokenId='999260a1-d17f-4901-a517-2eff61316694', issuer='jffe@000', subject='jffe@000', expiry=none, refreshable=false
2020-11-09 18:25:09,434 [AUDIT] Token created by 'jffe@000': tokenId='fa5163ab-505e-4cbc-911b-ad5d67a4a889', issuer='jffe@000', subject='jffe@000/users/jffe@000', expiry=1604946909434, refreshable=false
2020-11-09 18:25:16,940 [AUDIT] Token created by 'jffe@000': tokenId='1dfc8c6b-04fb-46a9-8793-e7cb42ea96ce', issuer='jffe@000', subject='jffe@000/users/anonymous', expiry=1604946916940, refreshable=false
2020-11-09 18:25:17,058 [AUDIT] Token refreshed by 'jffe@000': oldTokenId='d05ea668-a43a-4167-be7b-244327a5488b', tokenId='e10fa8e5-22db-49d6-a484-e32f70837215', issuer='jffe@000', subject='jffe@000/users/admin', expiry=1604948117053, refreshable=true
2020-11-09 18:25:17,059 [AUDIT] Token refreshed by 'jffe@000': oldTokenId='d05ea668-a43a-4167-be7b-244327a5488b', tokenId='4ad63472-be51-496c-9f24-5a8aea73dbaf', issuer='jffe@000', subject='jffe@000/users/admin', expiry=1604948117049, refreshable=true
2020-11-09 18:25:17,074 [AUDIT] Token created by 'jffe@000': tokenId='3681c608-63ed-440e-822a-6828fcb5eedc', issuer='jffe@000', subject='jffe@000/users/admin', expiry=1604946917073, refreshable=false
2020-11-09 18:25:17,249 [AUDIT] Token created by 'jffe@000': tokenId='438fdb2b-cb4f-49f0-9c6b-1cffc24133c0', issuer='jffe@000', subject='jffe@000/users/admin', expiry=1604946917249, refreshable=false
2020-11-09 18:25:17,492 [AUDIT] Token created by 'jffe@000': tokenId='5ca8f6dc-1109-4150-802c-b61def5cd362', issuer='jffe@000', subject='jffe@000/users/admin', expiry=1604946917492, refreshable=false
2020-11-09 18:30:18,601 [AUDIT] Token refreshed by 'jffe@000': oldTokenId='4ad63472-be51-496c-9f24-5a8aea73dbaf', tokenId='79c2e696-c56f-45d7-80c7-3b0fa826c986', issuer='jffe@000', subject='jffe@000/users/admin', expiry=1604948418599, refreshable=true
2020-11-09 18:35:11,955 [AUDIT] Token created by 'jffe@000': tokenId='b72d3380-9a7c-4f79-875d-2cbb46f68686', issuer='jffe@000', subject='jffe@000/users/jffe@000', expiry=1604947511955, refreshable=false
2020-11-09 18:35:11,960 [AUDIT] Token created by 'jffe@000': tokenId='61f2391c-f462-4ca4-ab43-2f3e8570a02d', issuer='jffe@000', subject='jffe@000/users/jffe@000', expiry=1604947511960, refreshable=false
2020-11-09 18:35:11,963 [AUDIT] Token created by 'jffe@000': tokenId='aea5017b-af30-47f7-8c84-f4496966fb82', issuer='jffe@000', subject='jffe@000/users/jffe@000', expiry=1604947511963, refreshable=false
2020-11-09 18:35:11,965 [AUDIT] Token created by 'jffe@000': tokenId='99f228fa-61f6-45d5-b9a9-d739d9646743', issuer='jffe@000', subject='jffe@000/users/jffe@000', expiry=1604947511965, refreshable=false
2020-11-09 18:35:18,585 [AUDIT] Token refreshed by 'jffe@000': oldTokenId='79c2e696-c56f-45d7-80c7-3b0fa826c986', tokenId='b0ff9e41-ec9d-42e6-8129-bd85bee16f8d', issuer='jffe@000', subject='jffe@000/users/admin', expiry=1604948718573, refreshable=true
2020-11-09 18:35:18,592 [AUDIT] Token created by 'jffe@000': tokenId='cccfd240-ffcf-4e19-92c9-55fbd9fc7d97', issuer='jffe@000', subject='jffe@000/users/admin', expiry=1604947518592, refreshable=false
2020-11-09 18:40:18,589 [AUDIT] Token refreshed by 'jffe@000': oldTokenId='b0ff9e41-ec9d-42e6-8129-bd85bee16f8d', tokenId='ba598937-24fa-4968-b562-ac49fdf04359', issuer='jffe@000', subject='jffe@000/users/admin', expiry=1604949018577, refreshable=true
2020-11-09 18:45:12,003 [AUDIT] Token created by 'jffe@000': tokenId='e6116b8e-9192-4a4e-ba4f-63d465db7c13', issuer='jffe@000', subject='jffe@000/users/jffe@000', expiry=1604948112003, refreshable=false
2020-11-09 18:45:12,005 [AUDIT] Token created by 'jffe@000': tokenId='949fe258-d081-422a-875e-0c0171376cba', issuer='jffe@000', subject='jffe@000/users/jffe@000', expiry=1604948112005, refreshable=false
2020-11-09 18:45:12,005 [AUDIT] Token created by 'jffe@000': tokenId='61704405-3667-43af-bd8d-1c2f7f947dbb', issuer='jffe@000', subject='jffe@000/users/jffe@000', expiry=1604948112005, refreshable=false
2020-11-09 18:45:12,005 [AUDIT] Token created by 'jffe@000': tokenId='46a84aaf-fdac-4108-a0e4-a6f450baf80a', issuer='jffe@000', subject='jffe@000/users/jffe@000', expiry=1604948112005, refreshable=false
2020-11-09 18:45:18,590 [AUDIT] Token refreshed by 'jffe@000': oldTokenId='ba598937-24fa-4968-b562-ac49fdf04359', tokenId='8a58f9e8-c410-4f32-b2f4-0d7b15f4e359', issuer='jffe@000', subject='jffe@000/users/admin', expiry=1604949318576, refreshable=true
2020-11-09 18:45:18,601 [AUDIT] Token created by 'jffe@000': tokenId='1f901e4d-cec7-4770-aad3-7687cd0b606f', issuer='jffe@000', subject='jffe@000/users/admin', expiry=1604948118601, refreshable=false
2020-11-09 18:50:18,578 [AUDIT] Token refreshed by 'jffe@000': oldTokenId='8a58f9e8-c410-4f32-b2f4-0d7b15f4e359', tokenId='2131ab0c-c9cb-404c-95e8-e11985bd6623', issuer='jffe@000', subject='jffe@000/users/admin', expiry=1604949618575, refreshable=true
2020-11-09 18:55:12,118 [AUDIT] Token created by 'jffe@000': tokenId='42d58b1c-60df-4c71-8aee-2cccdf84cf2f', issuer='jffe@000', subject='jffe@000/users/jffe@000', expiry=1604948712118, refreshable=false
2020-11-09 18:55:12,118 [AUDIT] Token created by 'jffe@000': tokenId='68c04323-c680-4678-ac9b-3ca67b42c92e', issuer='jffe@000', subject='jffe@000/users/jffe@000', expiry=1604948712118, refreshable=false
2020-11-09 18:55:12,122 [AUDIT] Token created by 'jffe@000': tokenId='5afcbb17-2a26-49c2-b44f-a2d6afd3d093', issuer='jffe@000', subject='jffe@000/users/jffe@000', expiry=1604948712122, refreshable=false
2020-11-09 18:55:12,132 [AUDIT] Token created by 'jffe@000': tokenId='40c0574c-e167-471f-a5b5-cb576c857c90', issuer='jffe@000', subject='jffe@000/users/jffe@000', expiry=1604948712131, refreshable=false
2020-11-09 18:55:18,581 [AUDIT] Token refreshed by 'jffe@000': oldTokenId='2131ab0c-c9cb-404c-95e8-e11985bd6623', tokenId='6bfa0afb-3580-48f6-b24e-477fe2269bc3', issuer='jffe@000', subject='jffe@000/users/admin', expiry=1604949918570, refreshable=true
2020-11-09 18:55:18,587 [AUDIT] Token created by 'jffe@000': tokenId='5ddab333-bda4-4f2b-86e1-81749d314d8b', issuer='jffe@000', subject='jffe@000/users/admin', expiry=1604948718587, refreshable=false
2020-11-09 19:00:18,589 [AUDIT] Token refreshed by 'jffe@000': oldTokenId='6bfa0afb-3580-48f6-b24e-477fe2269bc3', tokenId='3d5fd41b-e452-4b7c-9b3a-39980b831dc0', issuer='jffe@000', subject='jffe@000/users/admin', expiry=1604950218578, refreshable=true
2020-11-09 19:05:12,260 [AUDIT] Token created by 'jffe@000': tokenId='6b49365a-55d8-4aa4-8ae5-6ba8dd37086b', issuer='jffe@000', subject='jffe@000/users/jffe@000', expiry=1604949312260, refreshable=false
2020-11-09 19:05:12,264 [AUDIT] Token created by 'jffe@000': tokenId='e148c3dd-d17d-4310-ac89-95958820eaeb', issuer='jffe@000', subject='jffe@000/users/jffe@000', expiry=1604949312263, refreshable=false
2020-11-09 19:05:12,266 [AUDIT] Token created by 'jffe@000': tokenId='5e7120d2-9aec-4c51-a847-07e0d9e01915', issuer='jffe@000', subject='jffe@000/users/jffe@000', expiry=1604949312266, refreshable=false
2020-11-09 19:05:12,269 [AUDIT] Token created by 'jffe@000': tokenId='9fd89d82-78e0-4806-be9e-19d2123d41e0', issuer='jffe@000', subject='jffe@000/users/jffe@000', expiry=1604949312269, refreshable=false
2020-11-09 19:05:18,582 [AUDIT] Token refreshed by 'jffe@000': oldTokenId='3d5fd41b-e452-4b7c-9b3a-39980b831dc0', tokenId='5533d858-5721-45d4-b496-ba73f567692e', issuer='jffe@000', subject='jffe@000/users/admin', expiry=1604950518571, refreshable=true
2020-11-09 19:05:18,588 [AUDIT] Token created by 'jffe@000': tokenId='7bb1c19a-d8b5-43fa-bd7e-cc8ab5d56967', issuer='jffe@000', subject='jffe@000/users/admin', expiry=1604949318588, refreshable=false
2020-11-09 19:10:18,583 [AUDIT] Token refreshed by 'jffe@000': oldTokenId='5533d858-5721-45d4-b496-ba73f567692e', tokenId='9725e1cb-7dcd-485f-b99a-35c24dfda9c9', issuer='jffe@000', subject='jffe@000/users/admin', expiry=1604950818571, refreshable=true
2020-11-09 19:15:12,329 [AUDIT] Token created by 'jffe@000': tokenId='6daa2be2-1ac3-434d-87a0-bbe8d3a1d224', issuer='jffe@000', subject='jffe@000/users/jffe@000', expiry=1604949912329, refreshable=false
2020-11-09 19:15:12,336 [AUDIT] Token created by 'jffe@000': tokenId='bfdaab26-def1-4a80-821a-c5212a139e81', issuer='jffe@000', subject='jffe@000/users/jffe@000', expiry=1604949912336, refreshable=false
2020-11-09 19:15:12,340 [AUDIT] Token created by 'jffe@000': tokenId='aaa6386c-0f9f-4a1d-8228-921df9868348', issuer='jffe@000', subject='jffe@000/users/jffe@000', expiry=1604949912340, refreshable=false
2020-11-09 19:15:12,340 [AUDIT] Token created by 'jffe@000': tokenId='022978fe-70ba-4673-8a94-fe3c8c7d2102', issuer='jffe@000', subject='jffe@000/users/jffe@000', expiry=1604949912340, refreshable=false
2020-11-09 19:15:18,589 [AUDIT] Token refreshed by 'jffe@000': oldTokenId='9725e1cb-7dcd-485f-b99a-35c24dfda9c9', tokenId='30de3b49-1510-4ec5-a0b3-b13e5e0c5a6c', issuer='jffe@000', subject='jffe@000/users/admin', expiry=1604951118577, refreshable=true
2020-11-09 19:15:18,595 [AUDIT] Token created by 'jffe@000': tokenId='047322da-1742-4ba9-a84c-2532818c3860', issuer='jffe@000', subject='jffe@000/users/admin', expiry=1604949918595, refreshable=false
2020-11-09 19:20:18,590 [AUDIT] Token refreshed by 'jffe@000': oldTokenId='30de3b49-1510-4ec5-a0b3-b13e5e0c5a6c', tokenId='737df425-4fe8-4d5f-988d-0c7777756fcb', issuer='jffe@000', subject='jffe@000/users/admin', expiry=1604951418578, refreshable=true
2020-11-09 19:25:12,416 [AUDIT] Token created by 'jffe@000': tokenId='aa7dea77-f1d1-4c29-9574-6720ccda1665', issuer='jffe@000', subject='jffe@000/users/jffe@000', expiry=1604950512415, refreshable=false
2020-11-09 19:25:12,418 [AUDIT] Token created by 'jffe@000': tokenId='b502dd76-5aa0-49b4-bc60-12f46971c068', issuer='jffe@000', subject='jffe@000/users/jffe@000', expiry=1604950512418, refreshable=false
2020-11-09 19:25:12,422 [AUDIT] Token created by 'jffe@000': tokenId='51b74dbc-dd1d-442c-9720-ff3689bd0882', issuer='jffe@000', subject='jffe@000/users/jffe@000', expiry=1604950512422, refreshable=false
2020-11-09 19:25:12,429 [AUDIT] Token created by 'jffe@000': tokenId='d5c20225-5685-434a-abe9-6165e76dbd31', issuer='jffe@000', subject='jffe@000/users/jffe@000', expiry=1604950512428, refreshable=false
2020-11-09 19:25:18,595 [AUDIT] Token refreshed by 'jffe@000': oldTokenId='737df425-4fe8-4d5f-988d-0c7777756fcb', tokenId='aa79d70e-b008-4a80-8e50-5c3334977904', issuer='jffe@000', subject='jffe@000/users/admin', expiry=1604951718584, refreshable=true
2020-11-09 19:25:18,603 [AUDIT] Token created by 'jffe@000': tokenId='aa20b985-a2b3-49b3-9414-17d1fd510653', issuer='jffe@000', subject='jffe@000/users/admin', expiry=1604950518602, refreshable=false
2020-11-09 19:30:18,639 [AUDIT] Token refreshed by 'jffe@000': oldTokenId='aa79d70e-b008-4a80-8e50-5c3334977904', tokenId='f59b83c4-bf8f-4d0c-98af-f34982956bb5', issuer='jffe@000', subject='jffe@000/users/admin', expiry=1604952018619, refreshable=true
2020-11-09 19:35:12,507 [AUDIT] Token created by 'jffe@000': tokenId='9c3456bb-df61-47fa-9992-bb8ff0e61679', issuer='jffe@000', subject='jffe@000/users/jffe@000', expiry=1604951112497, refreshable=false
2020-11-09 19:35:12,507 [AUDIT] Token created by 'jffe@000': tokenId='d3a6cf91-9b78-43db-a18f-5111415b3647', issuer='jffe@000', subject='jffe@000/users/jffe@000', expiry=1604951112497, refreshable=false
2020-11-09 19:35:12,507 [AUDIT] Token created by 'jffe@000': tokenId='0de4acb5-6049-4f5f-9487-36e613188e13', issuer='jffe@000', subject='jffe@000/users/jffe@000', expiry=1604951112497, refreshable=false
2020-11-09 19:35:12,508 [AUDIT] Token created by 'jffe@000': tokenId='efba4165-02df-4cd8-89ce-969faef34494', issuer='jffe@000', subject='jffe@000/users/jffe@000', expiry=1604951112497, refreshable=false
2020-11-09 19:35:18,630 [AUDIT] Token refreshed by 'jffe@000': oldTokenId='f59b83c4-bf8f-4d0c-98af-f34982956bb5', tokenId='7e64225f-135d-4c01-87c4-24fa53a26ba1', issuer='jffe@000', subject='jffe@000/users/admin', expiry=1604952318626, refreshable=true
2020-11-09 19:35:18,641 [AUDIT] Token created by 'jffe@000': tokenId='083daa99-e11a-4ad3-897c-7a3c3bbd0d28', issuer='jffe@000', subject='jffe@000/users/admin', expiry=1604951118641, refreshable=false
2020-11-09 19:40:18,576 [AUDIT] Token refreshed by 'jffe@000': oldTokenId='7e64225f-135d-4c01-87c4-24fa53a26ba1', tokenId='7c674fe2-8ca0-49e3-83f1-b66b741a3b53', issuer='jffe@000', subject='jffe@000/users/admin', expiry=1604952618573, refreshable=true
2020-11-09 19:45:12,636 [AUDIT] Token created by 'jffe@000': tokenId='530c3909-0541-4c49-8ba8-ad8c2a543f6b', issuer='jffe@000', subject='jffe@000/users/jffe@000', expiry=1604951712626, refreshable=false
2020-11-09 19:45:12,636 [AUDIT] Token created by 'jffe@000': tokenId='5e6a0de6-153c-4863-921b-e985b3d54fa2', issuer='jffe@000', subject='jffe@000/users/jffe@000', expiry=1604951712626, refreshable=false
2020-11-09 19:45:12,636 [AUDIT] Token created by 'jffe@000': tokenId='6b1a5c0f-87e4-4e6a-a553-ba1c7173431e', issuer='jffe@000', subject='jffe@000/users/jffe@000', expiry=1604951712626, refreshable=false
2020-11-09 19:45:12,636 [AUDIT] Token created by 'jffe@000': tokenId='1165c38a-9e3a-4c39-bb60-8adcf1c4e668', issuer='jffe@000', subject='jffe@000/users/jffe@000', expiry=1604951712626, refreshable=false
2020-11-09 19:45:18,581 [AUDIT] Token refreshed by 'jffe@000': oldTokenId='7c674fe2-8ca0-49e3-83f1-b66b741a3b53', tokenId='5e7926b7-e564-4920-a973-0c45b931c6a7', issuer='jffe@000', subject='jffe@000/users/admin', expiry=1604952918580, refreshable=true
2020-11-09 19:45:18,586 [AUDIT] Token created by 'jffe@000': tokenId='ecb8aab1-9eab-41e0-b0c7-f65fe93f9d6c', issuer='jffe@000', subject='jffe@000/users/admin', expiry=1604951718586, refreshable=false
2020-11-09 19:50:18,623 [AUDIT] Token refreshed by 'jffe@000': oldTokenId='5e7926b7-e564-4920-a973-0c45b931c6a7', tokenId='70a12640-f81e-408b-a208-315349003331', issuer='jffe@000', subject='jffe@000/users/admin', expiry=1604953218585, refreshable=true
2020-11-09 19:55:12,707 [AUDIT] Token created by 'jffe@000': tokenId='23712806-eed2-4014-b623-e20d960e691d', issuer='jffe@000', subject='jffe@000/users/jffe@000', expiry=1604952312707, refreshable=false
2020-11-09 19:55:12,708 [AUDIT] Token created by 'jffe@000': tokenId='a8a6a960-b46d-4331-92b3-6ea3dc7c5139', issuer='jffe@000', subject='jffe@000/users/jffe@000', expiry=1604952312708, refreshable=false
2020-11-09 19:55:12,711 [AUDIT] Token created by 'jffe@000': tokenId='4cae7da3-cc59-40c6-bbcd-5019e1a00f74', issuer='jffe@000', subject='jffe@000/users/jffe@000', expiry=1604952312711, refreshable=false
2020-11-09 19:55:12,729 [AUDIT] Token created by 'jffe@000': tokenId='f83258b7-e187-4060-84a6-468a037e5eaa', issuer='jffe@000', subject='jffe@000/users/jffe@000', expiry=1604952312729, refreshable=false
2020-11-09 19:55:18,585 [AUDIT] Token refreshed by 'jffe@000': oldTokenId='70a12640-f81e-408b-a208-315349003331', tokenId='b1043e86-9f7c-4a71-889c-bc5760536a69', issuer='jffe@000', subject='jffe@000/users/admin', expiry=1604953518575, refreshable=true
2020-11-09 19:55:18,590 [AUDIT] Token created by 'jffe@000': tokenId='3674faaf-9db3-4d1f-ab66-859adbffa260', issuer='jffe@000', subject='jffe@000/users/admin', expiry=1604952318590, refreshable=false
2020-11-09 20:00:18,614 [AUDIT] Token refreshed by 'jffe@000': oldTokenId='b1043e86-9f7c-4a71-889c-bc5760536a69', tokenId='cb421915-5de9-4fda-99af-1080ed37b3ef', issuer='jffe@000', subject='jffe@000/users/admin', expiry=1604953818613, refreshable=true
2020-11-09 20:05:12,767 [AUDIT] Token created by 'jffe@000': tokenId='b989e47a-debf-4a9b-a234-31c5985707ce', issuer='jffe@000', subject='jffe@000/users/jffe@000', expiry=1604952912767, refreshable=false
2020-11-09 20:05:12,768 [AUDIT] Token created by 'jffe@000': tokenId='4acfbc4d-c18c-4dd4-bb67-be5f2edddca5', issuer='jffe@000', subject='jffe@000/users/jffe@000', expiry=1604952912768, refreshable=false
2020-11-09 20:05:12,794 [AUDIT] Token created by 'jffe@000': tokenId='45f46e21-a45c-4868-899e-dbb2aa64aa42', issuer='jffe@000', subject='jffe@000/users/jffe@000', expiry=1604952912794, refreshable=false
2020-11-09 20:05:12,797 [AUDIT] Token created by 'jffe@000': tokenId='dd3080da-0a13-4ed8-995f-88aaab6353c7', issuer='jffe@000', subject='jffe@000/users/jffe@000', expiry=1604952912797, refreshable=false
2020-11-09 20:15:12,838 [AUDIT] Token created by 'jffe@000': tokenId='242df89b-bb1c-4838-aed2-cb45706fd35b', issuer='jffe@000', subject='jffe@000/users/jffe@000', expiry=1604953512837, refreshable=false
2020-11-09 20:15:12,839 [AUDIT] Token created by 'jffe@000': tokenId='19c210d8-dab0-4ba0-abcc-825eb6a738c3', issuer='jffe@000', subject='jffe@000/users/jffe@000', expiry=1604953512839, refreshable=false
2020-11-09 20:15:12,839 [AUDIT] Token created by 'jffe@000': tokenId='ad2ee698-3346-4eb3-8b87-1a84865f7f9f', issuer='jffe@000', subject='jffe@000/users/jffe@000', expiry=1604953512839, refreshable=false
2020-11-09 20:15:12,839 [AUDIT] Token created by 'jffe@000': tokenId='6b5c6ae8-e0ba-4fd0-9738-40769e425b46', issuer='jffe@000', subject='jffe@000/users/jffe@000', expiry=1604953512839, refreshable=false
2020-11-09 20:25:12,878 [AUDIT] Token created by 'jffe@000': tokenId='7b5e4440-8856-4053-9e53-a434a809d987', issuer='jffe@000', subject='jffe@000/users/jffe@000', expiry=1604954112878, refreshable=false
2020-11-09 20:25:12,878 [AUDIT] Token created by 'jffe@000': tokenId='a895d0b7-c2d7-4477-8cbc-af6e777ba7a0', issuer='jffe@000', subject='jffe@000/users/jffe@000', expiry=1604954112878, refreshable=false
2020-11-09 20:25:12,885 [AUDIT] Token created by 'jffe@000': tokenId='2e0d8654-3646-436d-9c83-db4d39f0dc2f', issuer='jffe@000', subject='jffe@000/users/jffe@000', expiry=1604954112882, refreshable=false
2020-11-09 20:25:12,888 [AUDIT] Token created by 'jffe@000': tokenId='b0999b8f-ee87-480e-b342-f378a8cb5488', issuer='jffe@000', subject='jffe@000/users/jffe@000', expiry=1604954112888, refreshable=false
2020-11-09 20:35:12,925 [AUDIT] Token created by 'jffe@000': tokenId='76319111-4ad5-4d20-8cc3-da7e47f83b1e', issuer='jffe@000', subject='jffe@000/users/jffe@000', expiry=1604954712925, refreshable=false
2020-11-09 20:35:12,928 [AUDIT] Token created by 'jffe@000': tokenId='cd1915b6-f510-4d39-810e-ecb67588cd49', issuer='jffe@000', subject='jffe@000/users/jffe@000', expiry=1604954712928, refreshable=false
2020-11-09 20:35:12,928 [AUDIT] Token created by 'jffe@000': tokenId='ee3faf6d-ca70-4244-a946-a2b8f893da4e', issuer='jffe@000', subject='jffe@000/users/jffe@000', expiry=1604954712928, refreshable=false
2020-11-09 20:35:12,934 [AUDIT] Token created by 'jffe@000': tokenId='b100c789-ff63-4292-80ac-5a6ea9876239', issuer='jffe@000', subject='jffe@000/users/jffe@000', expiry=1604954712934, refreshable=false
2020-11-09 20:45:13,019 [AUDIT] Token created by 'jffe@000': tokenId='bdfe86c9-ff7b-42dc-afe8-3365cf687ef9', issuer='jffe@000', subject='jffe@000/users/jffe@000', expiry=1604955313019, refreshable=false
2020-11-09 20:45:13,019 [AUDIT] Token created by 'jffe@000': tokenId='e3369ae7-046b-4ea5-bf4f-f3280c69998a', issuer='jffe@000', subject='jffe@000/users/jffe@000', expiry=1604955313019, refreshable=false
2020-11-09 20:45:13,021 [AUDIT] Token created by 'jffe@000': tokenId='1bd10413-3062-4db7-b97e-a9cf32eb3a02', issuer='jffe@000', subject='jffe@000/users/jffe@000', expiry=1604955313021, refreshable=false
2020-11-09 20:45:13,024 [AUDIT] Token created by 'jffe@000': tokenId='4bac3d2e-d295-4fc4-b3c9-4b16e4f23bc6', issuer='jffe@000', subject='jffe@000/users/jffe@000', expiry=1604955313024, refreshable=false
2020-11-09 20:55:13,074 [AUDIT] Token created by 'jffe@000': tokenId='4f9f85e5-f917-4778-8853-2bb9c948e518', issuer='jffe@000', subject='jffe@000/users/jffe@000', expiry=1604955913074, refreshable=false
2020-11-09 20:55:13,074 [AUDIT] Token created by 'jffe@000': tokenId='6ba493a4-4ce1-4ca1-9872-39eebe5ee377', issuer='jffe@000', subject='jffe@000/users/jffe@000', expiry=1604955913074, refreshable=false
2020-11-09 20:55:13,076 [AUDIT] Token created by 'jffe@000': tokenId='8c26a987-0b2c-4f26-a50f-96eaccbba861', issuer='jffe@000', subject='jffe@000/users/jffe@000', expiry=1604955913076, refreshable=false
2020-11-09 20:55:13,078 [AUDIT] Token created by 'jffe@000': tokenId='03ba7dcf-45ac-47b2-9327-8bdc8e2e1429', issuer='jffe@000', subject='jffe@000/users/jffe@000', expiry=1604955913078, refreshable=false
2020-11-09 21:05:13,128 [AUDIT] Token created by 'jffe@000': tokenId='d2d44108-9ad1-4f39-b7e3-486ad843981e', issuer='jffe@000', subject='jffe@000/users/jffe@000', expiry=1604956513128, refreshable=false
2020-11-09 21:05:13,128 [AUDIT] Token created by 'jffe@000': tokenId='1e620447-31c7-4551-9947-c9034568dcb1', issuer='jffe@000', subject='jffe@000/users/jffe@000', expiry=1604956513128, refreshable=false
2020-11-09 21:05:13,143 [AUDIT] Token created by 'jffe@000': tokenId='29421d6e-29f9-424d-aa09-b18b982144b5', issuer='jffe@000', subject='jffe@000/users/jffe@000', expiry=1604956513139, refreshable=false
2020-11-09 21:05:13,149 [AUDIT] Token created by 'jffe@000': tokenId='7dc4e455-e3f6-46a3-b34e-c5e4ab918920', issuer='jffe@000', subject='jffe@000/users/jffe@000', expiry=1604956513149, refreshable=false
2020-11-09 21:15:13,249 [AUDIT] Token created by 'jffe@000': tokenId='8613181b-2796-456b-bf53-374f22140f0c', issuer='jffe@000', subject='jffe@000/users/jffe@000', expiry=1604957113248, refreshable=false
2020-11-09 21:15:13,249 [AUDIT] Token created by 'jffe@000': tokenId='58e4893f-0722-4315-90a2-bb2ad8e0f607', issuer='jffe@000', subject='jffe@000/users/jffe@000', expiry=1604957113249, refreshable=false
2020-11-09 21:15:13,250 [AUDIT] Token created by 'jffe@000': tokenId='35fbd04c-ff1c-4ad8-8736-ac2d3b430142', issuer='jffe@000', subject='jffe@000/users/jffe@000', expiry=1604957113250, refreshable=false
2020-11-09 21:15:13,254 [AUDIT] Token created by 'jffe@000': tokenId='751101bf-506d-4ae1-8e44-51363ee3a296', issuer='jffe@000', subject='jffe@000/users/jffe@000', expiry=1604957113254, refreshable=false
2020-11-09 21:25:13,352 [AUDIT] Token created by 'jffe@000': tokenId='661c8288-e07b-4190-a900-142740a0f53a', issuer='jffe@000', subject='jffe@000/users/jffe@000', expiry=1604957713352, refreshable=false
2020-11-09 21:25:13,353 [AUDIT] Token created by 'jffe@000': tokenId='e4ae44ab-37ec-40a4-af73-e7297741c63a', issuer='jffe@000', subject='jffe@000/users/jffe@000', expiry=1604957713353, refreshable=false
2020-11-09 21:25:13,354 [AUDIT] Token created by 'jffe@000': tokenId='229f0854-b296-48d8-9a9b-1ed00fdb151b', issuer='jffe@000', subject='jffe@000/users/jffe@000', expiry=1604957713354, refreshable=false
2020-11-09 21:25:13,357 [AUDIT] Token created by 'jffe@000': tokenId='ca12cf6a-557d-4143-adab-eb302705f300', issuer='jffe@000', subject='jffe@000/users/jffe@000', expiry=1604957713356, refreshable=false
2020-11-09 21:35:13,412 [AUDIT] Token created by 'jffe@000': tokenId='59e14682-a7d1-40a8-a18f-89b3cec34342', issuer='jffe@000', subject='jffe@000/users/jffe@000', expiry=1604958313412, refreshable=false
2020-11-09 21:35:13,412 [AUDIT] Token created by 'jffe@000': tokenId='5b956975-d4a8-4ef9-92c4-5664b1a1685f', issuer='jffe@000', subject='jffe@000/users/jffe@000', expiry=1604958313412, refreshable=false
2020-11-09 21:35:13,412 [AUDIT] Token created by 'jffe@000': tokenId='36a3ed02-b0c8-44a8-b653-160db243c831', issuer='jffe@000', subject='jffe@000/users/jffe@000', expiry=1604958313412, refreshable=false
2020-11-09 21:35:13,419 [AUDIT] Token created by 'jffe@000': tokenId='7ef62169-68f1-4bd3-85f5-7fa2f329f088', issuer='jffe@000', subject='jffe@000/users/jffe@000', expiry=1604958313418, refreshable=false
2020-11-09 21:45:13,528 [AUDIT] Token created by 'jffe@000': tokenId='86127aaf-279a-4f64-a26f-9082856ac522', issuer='jffe@000', subject='jffe@000/users/jffe@000', expiry=1604958913527, refreshable=false
2020-11-09 21:45:13,529 [AUDIT] Token created by 'jffe@000': tokenId='0cbd8a46-e437-4e17-a04a-9c46aa1fc4b7', issuer='jffe@000', subject='jffe@000/users/jffe@000', expiry=1604958913528, refreshable=false
2020-11-09 21:45:13,543 [AUDIT] Token created by 'jffe@000': tokenId='ca14ea85-f73a-4e33-b0eb-2dd264a9380d', issuer='jffe@000', subject='jffe@000/users/jffe@000', expiry=1604958913543, refreshable=false
2020-11-09 21:45:13,543 [AUDIT] Token created by 'jffe@000': tokenId='0a5d5249-fdba-4b6d-b941-361e5eb5f5d1', issuer='jffe@000', subject='jffe@000/users/jffe@000', expiry=1604958913543, refreshable=false
2020-11-09 21:55:13,641 [AUDIT] Token created by 'jffe@000': tokenId='589cc80c-1a70-403f-9a51-3550766ebebb', issuer='jffe@000', subject='jffe@000/users/jffe@000', expiry=1604959513641, refreshable=false
2020-11-09 21:55:13,641 [AUDIT] Token created by 'jffe@000': tokenId='54a5b86f-56fb-4184-9404-d861e6d98541', issuer='jffe@000', subject='jffe@000/users/jffe@000', expiry=1604959513641, refreshable=false
2020-11-09 21:55:13,641 [AUDIT] Token created by 'jffe@000': tokenId='bc5f69b1-8d38-4ddf-92c7-d986b3bb5ec0', issuer='jffe@000', subject='jffe@000/users/jffe@000', expiry=1604959513641, refreshable=false
2020-11-09 21:55:13,648 [AUDIT] Token created by 'jffe@000': tokenId='32387db2-2fa2-4665-ad99-53f59ec6129c', issuer='jffe@000', subject='jffe@000/users/jffe@000', expiry=1604959513648, refreshable=false
2020-11-20 15:32:48,165 [AUDIT] Token created by 'anonymous': tokenId='6277a533-d30f-49b1-9324-b9370297bcbc', issuer='jfrou@01epa9445b6rjsegm3bjdzz0e1', subject='jfrou@01epa9445b6rjsegm3bjdzz0e1', expiry=none, refreshable=false
2020-11-20 15:32:51,259 [AUDIT] Token created by 'anonymous': tokenId='2867bc34-baf5-4822-b2f4-c7af3b79910e', issuer='jfac@01epa9406d7fhp1gdrh3eq0zbc', subject='jfac@01epa9406d7fhp1gdrh3eq0zbc', expiry=1605886491257, refreshable=false
2020-11-20 15:32:51,383 [AUDIT] Token created by 'anonymous': tokenId='6cc74cf2-da0a-4582-b230-318cd666fb04', issuer='jfac@01epa9406d7fhp1gdrh3eq0zbc', subject='jfac@01epa9406d7fhp1gdrh3eq0zbc', expiry=1605886491381, refreshable=false
2020-11-20 15:32:51,611 [AUDIT] Token created by 'anonymous': tokenId='474fd41b-39d4-411f-af0b-c3b3a4e97d86', issuer='jfac@01epa9406d7fhp1gdrh3eq0zbc', subject='jfac@01epa9406d7fhp1gdrh3eq0zbc', expiry=1605886491595, refreshable=false
2020-11-20 15:32:52,041 [AUDIT] Token created by 'anonymous': tokenId='202bb1a0-b829-45a2-8c66-1db1262c7035', issuer='jfac@01epa9406d7fhp1gdrh3eq0zbc', subject='jfac@01epa9406d7fhp1gdrh3eq0zbc', expiry=1605886492027, refreshable=false
2020-11-20 15:32:52,669 [AUDIT] Token created by 'anonymous': tokenId='e58b491d-a0f9-427d-9de5-511999672904', issuer='jfmd@01epa945bbmn4p1at053dq0gey', subject='jfmd@01epa945bbmn4p1at053dq0gey', expiry=none, refreshable=false
2020-11-20 15:32:52,850 [AUDIT] Token created by 'anonymous': tokenId='11b193d7-265d-45b5-9ccb-f0a71bedef41', issuer='jfac@01epa9406d7fhp1gdrh3eq0zbc', subject='jfac@01epa9406d7fhp1gdrh3eq0zbc', expiry=1605886492848, refreshable=false
2020-11-20 15:32:52,908 [AUDIT] Token created by 'anonymous': tokenId='6221ed62-f3fe-4be4-ae53-33d050d8cbe0', issuer='jfrt@01epa94baapjv818ze46fv1ckg', subject='jfrt@01epa94baapjv818ze46fv1ckg', expiry=none, refreshable=false
2020-11-20 15:32:57,328 [AUDIT] Token created by 'anonymous': tokenId='4d870e4b-eb53-4555-a255-67dbb04369e8', issuer='jffe@000', subject='jffe@000', expiry=none, refreshable=false
2020-11-20 15:32:57,378 [AUDIT] Token created by 'jffe@000': tokenId='9617fcd9-7caf-4f7c-bb99-09536274b76b', issuer='jffe@000', subject='jffe@000/users/jffe@000', expiry=1605886977378, refreshable=false
2020-11-20 15:33:22,504 [AUDIT] Token created by 'anonymous': tokenId='192394dc-2314-4b41-a0a9-bcfa252e8d93', issuer='jfrou@01epa9445b6rjsegm3bjdzz0e1', subject='jfrou@01epa9445b6rjsegm3bjdzz0e1', expiry=none, refreshable=false
2020-11-20 15:33:23,510 [AUDIT] Token created by 'anonymous': tokenId='78b69cf0-4cf8-403b-8a89-9d965fecf4d7', issuer='jfac@01epa9406d7fhp1gdrh3eq0zbc', subject='jfac@01epa9406d7fhp1gdrh3eq0zbc', expiry=1605886523496, refreshable=false
2020-11-20 15:33:23,638 [AUDIT] Token created by 'anonymous': tokenId='3902607d-b714-48e9-988b-57ad2e8f1467', issuer='jfac@01epa9406d7fhp1gdrh3eq0zbc', subject='jfac@01epa9406d7fhp1gdrh3eq0zbc', expiry=1605886523627, refreshable=false
2020-11-20 15:33:23,866 [AUDIT] Token created by 'anonymous': tokenId='a68a3693-0fa8-4095-9328-86f677f78205', issuer='jfac@01epa9406d7fhp1gdrh3eq0zbc', subject='jfac@01epa9406d7fhp1gdrh3eq0zbc', expiry=1605886523849, refreshable=false
2020-11-20 15:33:24,302 [AUDIT] Token created by 'anonymous': tokenId='b96cad3d-4b01-4cc3-ab9f-878908b29ccc', issuer='jfac@01epa9406d7fhp1gdrh3eq0zbc', subject='jfac@01epa9406d7fhp1gdrh3eq0zbc', expiry=1605886524291, refreshable=false
2020-11-20 15:33:25,128 [AUDIT] Token created by 'anonymous': tokenId='bda7eb95-2bce-4213-8814-b60aac466cd6', issuer='jfac@01epa9406d7fhp1gdrh3eq0zbc', subject='jfac@01epa9406d7fhp1gdrh3eq0zbc', expiry=1605886525116, refreshable=false
2020-11-20 15:33:25,777 [AUDIT] Token created by 'anonymous': tokenId='17860d68-3061-47f3-96a8-7291b2516f23', issuer='jfmd@01epa945bbmn4p1at053dq0gey', subject='jfmd@01epa945bbmn4p1at053dq0gey', expiry=none, refreshable=false
2020-11-20 15:33:26,151 [AUDIT] Token created by 'anonymous': tokenId='1901d8b7-7dda-49ae-b7d3-fcf945dc5d5f', issuer='jfac@01epa9406d7fhp1gdrh3eq0zbc', subject='jfac@01epa9406d7fhp1gdrh3eq0zbc', expiry=1605886526137, refreshable=false
2020-11-20 15:33:27,173 [AUDIT] Token created by 'anonymous': tokenId='19a4abf5-2964-45ca-a533-21b70c181770', issuer='jfac@01epa9406d7fhp1gdrh3eq0zbc', subject='jfac@01epa9406d7fhp1gdrh3eq0zbc', expiry=1605886527162, refreshable=false
2020-11-20 15:33:28,183 [AUDIT] Token created by 'anonymous': tokenId='42b0baff-b6a4-475e-81bc-0cadb9f903ae', issuer='jfac@01epa9406d7fhp1gdrh3eq0zbc', subject='jfac@01epa9406d7fhp1gdrh3eq0zbc', expiry=1605886528181, refreshable=false
2020-11-20 15:33:29,206 [AUDIT] Token created by 'anonymous': tokenId='ccdfc5a0-534b-44b1-91a1-4ee3c039f790', issuer='jfac@01epa9406d7fhp1gdrh3eq0zbc', subject='jfac@01epa9406d7fhp1gdrh3eq0zbc', expiry=1605886529191, refreshable=false
2020-11-20 15:33:30,228 [AUDIT] Token created by 'anonymous': tokenId='7d2b7d61-ebf5-4a2c-af48-bb42a2b36207', issuer='jfac@01epa9406d7fhp1gdrh3eq0zbc', subject='jfac@01epa9406d7fhp1gdrh3eq0zbc', expiry=1605886530213, refreshable=false
2020-11-20 15:33:31,246 [AUDIT] Token created by 'anonymous': tokenId='1f90b7ca-06bb-491d-b106-a5781f218c45', issuer='jfac@01epa9406d7fhp1gdrh3eq0zbc', subject='jfac@01epa9406d7fhp1gdrh3eq0zbc', expiry=1605886531235, refreshable=false
2020-11-20 15:33:32,270 [AUDIT] Token created by 'anonymous': tokenId='5586c214-69df-4b60-bf05-fffb4421c1d2', issuer='jfac@01epa9406d7fhp1gdrh3eq0zbc', subject='jfac@01epa9406d7fhp1gdrh3eq0zbc', expiry=1605886532255, refreshable=false
2020-11-20 15:33:33,306 [AUDIT] Token created by 'anonymous': tokenId='95444185-d0b6-4ebe-beae-b8677d6ed732', issuer='jfac@01epa9406d7fhp1gdrh3eq0zbc', subject='jfac@01epa9406d7fhp1gdrh3eq0zbc', expiry=1605886533294, refreshable=false
2020-11-20 15:33:34,327 [AUDIT] Token created by 'anonymous': tokenId='a824f76f-0144-4cde-ad00-d7b11f34ea35', issuer='jfac@01epa9406d7fhp1gdrh3eq0zbc', subject='jfac@01epa9406d7fhp1gdrh3eq0zbc', expiry=1605886534313, refreshable=false
2020-11-20 15:33:35,349 [AUDIT] Token created by 'anonymous': tokenId='6ac23aa7-49d4-47e1-a2af-79d3c54fe012', issuer='jfac@01epa9406d7fhp1gdrh3eq0zbc', subject='jfac@01epa9406d7fhp1gdrh3eq0zbc', expiry=1605886535334, refreshable=false
2020-11-20 16:33:20,458 [AUDIT] Token revoked by 'anonymous': tokenId='597b40ef-7ad3-4140-b06c-a040d9b24dd5', issuer='jfmd@01epa945bbmn4p1at053dq0gey', subject='jfmd@01epa945bbmn4p1at053dq0gey', expiry=none, refreshable=false
2020-11-20 16:33:20,462 [AUDIT] Token revoked by 'anonymous': tokenId='e90a4536-ee44-4fc6-b3ef-323767450472', issuer='jfmd@01epa945bbmn4p1at053dq0gey', subject='jfmd@01epa945bbmn4p1at053dq0gey', expiry=none, refreshable=false
2020-11-20 16:33:20,466 [AUDIT] Token revoked by 'anonymous': tokenId='53a80077-042c-4326-a7ee-af738d716aea', issuer='jfrt@01epa94baapjv818ze46fv1ckg', subject='jfrt@01epa94baapjv818ze46fv1ckg', expiry=none, refreshable=false
2020-11-20 16:33:20,468 [AUDIT] Token revoked by 'anonymous': tokenId='999260a1-d17f-4901-a517-2eff61316694', issuer='jffe@000', subject='jffe@000', expiry=none, refreshable=false
2020-11-20 16:33:20,471 [AUDIT] Token revoked by 'anonymous': tokenId='5161cd5e-11e5-45e5-881b-06dc1ff3c0b4', issuer='jfmd@01epa945bbmn4p1at053dq0gey', subject='jfmd@01epa945bbmn4p1at053dq0gey', expiry=none, refreshable=false
2020-11-20 16:33:20,474 [AUDIT] Token revoked by 'anonymous': tokenId='3fbdc6ec-5a7c-4b76-baba-477272edab69', issuer='jfmd@01epa945bbmn4p1at053dq0gey', subject='jfmd@01epa945bbmn4p1at053dq0gey', expiry=none, refreshable=false
2020-11-20 16:33:20,479 [AUDIT] Token revoked by 'anonymous': tokenId='d172ba70-c24d-4509-a67f-e27eb36d5b1f', issuer='jfrt@01epa94baapjv818ze46fv1ckg', subject='jfrt@01epa94baapjv818ze46fv1ckg', expiry=none, refreshable=false
2020-11-20 16:33:20,482 [AUDIT] Token revoked by 'anonymous': tokenId='07146ff6-a517-477e-aa6e-157e23a7e63f', issuer='jffe@000', subject='jffe@000', expiry=none, refreshable=false
2020-11-20 16:33:20,486 [AUDIT] Token revoked by 'anonymous': tokenId='e3498bbb-580c-4d97-8e5d-2a3711aeea3b', issuer='jfrt@01epa94baapjv818ze46fv1ckg', subject='jfrt@01epa94baapjv818ze46fv1ckg', expiry=none, refreshable=false
2020-11-20 16:33:20,489 [AUDIT] Token revoked by 'anonymous': tokenId='e8a2f33a-28ff-4859-aa39-b39b5ab84470', issuer='jfrt@01epa94baapjv818ze46fv1ckg', subject='jfrt@01epa94baapjv818ze46fv1ckg', expiry=none, refreshable=false
2020-11-20 16:33:20,492 [AUDIT] Token revoked by 'anonymous': tokenId='ed524352-9b59-4ee9-8e7c-1329d8fba79a', issuer='jffe@000', subject='jffe@000', expiry=none, refreshable=false
2020-11-20 16:33:20,493 [AUDIT] Token revoked by 'anonymous': tokenId='3e7b8295-37d5-4ef7-ac9b-367565345ff8', issuer='jffe@000', subject='jffe@000', expiry=none, refreshable=false
2020-11-20 18:13:04,870 [AUDIT] Token created by 'anonymous': tokenId='3b719bc3-e2f3-43dd-b9f4-ed4fa796b806', issuer='jfrou@01epa9445b6rjsegm3bjdzz0e1', subject='jfrou@01epa9445b6rjsegm3bjdzz0e1', expiry=none, refreshable=false
2020-11-20 18:13:07,355 [AUDIT] Token created by 'anonymous': tokenId='5c278fbb-6861-4c41-b599-d81d558018c9', issuer='jfac@01epa9406d7fhp1gdrh3eq0zbc', subject='jfac@01epa9406d7fhp1gdrh3eq0zbc', expiry=1605896107352, refreshable=false
2020-11-20 18:13:07,485 [AUDIT] Token created by 'anonymous': tokenId='e00d7875-a11b-4a87-a41c-88fc713f6851', issuer='jfac@01epa9406d7fhp1gdrh3eq0zbc', subject='jfac@01epa9406d7fhp1gdrh3eq0zbc', expiry=1605896107473, refreshable=false
2020-11-20 18:13:07,746 [AUDIT] Token created by 'anonymous': tokenId='3148eb48-b544-4dca-be42-1ccf803d973c', issuer='jfac@01epa9406d7fhp1gdrh3eq0zbc', subject='jfac@01epa9406d7fhp1gdrh3eq0zbc', expiry=1605896107736, refreshable=false
2020-11-20 18:13:08,157 [AUDIT] Token created by 'anonymous': tokenId='11781c48-6fcc-4d7c-bd67-4430830ac417', issuer='jfac@01epa9406d7fhp1gdrh3eq0zbc', subject='jfac@01epa9406d7fhp1gdrh3eq0zbc', expiry=1605896108156, refreshable=false
2020-11-20 18:13:08,988 [AUDIT] Token created by 'anonymous': tokenId='2a101f35-9795-49df-8662-03e3261b1af0', issuer='jfac@01epa9406d7fhp1gdrh3eq0zbc', subject='jfac@01epa9406d7fhp1gdrh3eq0zbc', expiry=1605896108972, refreshable=false
2020-11-20 18:13:09,319 [AUDIT] Token created by 'anonymous': tokenId='8ade305b-9cab-4d03-b887-d121c18cd076', issuer='jfmd@01epa945bbmn4p1at053dq0gey', subject='jfmd@01epa945bbmn4p1at053dq0gey', expiry=none, refreshable=false
2020-11-20 18:13:10,030 [AUDIT] Token created by 'anonymous': tokenId='bf140eed-4904-413b-9dd8-da5605f1361d', issuer='jfac@01epa9406d7fhp1gdrh3eq0zbc', subject='jfac@01epa9406d7fhp1gdrh3eq0zbc', expiry=1605896110007, refreshable=false
2020-11-20 18:13:10,187 [AUDIT] Token created by 'anonymous': tokenId='f07d7311-cd8e-465e-8004-ffd70e56d3f3', issuer='jfrt@01epa94baapjv818ze46fv1ckg', subject='jfrt@01epa94baapjv818ze46fv1ckg', expiry=none, refreshable=false
2020-11-20 18:13:15,075 [AUDIT] Token created by 'anonymous': tokenId='b51f9069-7554-4ceb-a50b-0e1cf80a1ecd', issuer='jffe@000', subject='jffe@000', expiry=none, refreshable=false
2020-11-20 18:13:15,131 [AUDIT] Token created by 'jffe@000': tokenId='72b170b5-0c50-4a57-a98f-a528ad76b102', issuer='jffe@000', subject='jffe@000/users/jffe@000', expiry=1605896595131, refreshable=false
2020-11-20 18:13:35,572 [AUDIT] Token created by 'jffe@000': tokenId='3efb4656-5d50-4a17-8e06-1e36bce52f39', issuer='jffe@000', subject='jffe@000/users/anonymous', expiry=1605896615572, refreshable=false
2020-11-20 18:13:35,597 [AUDIT] Token created by 'jffe@000': tokenId='02fa028d-1d82-4a6f-acb5-6225321c66ff', issuer='jffe@000', subject='jffe@000/users/anonymous', expiry=1605896615597, refreshable=false
2020-11-20 18:13:35,598 [AUDIT] Token created by 'jffe@000': tokenId='a1f04e32-bf22-47f0-b8f0-982646204cde', issuer='jffe@000', subject='jffe@000/users/anonymous', expiry=1605896615598, refreshable=false
2020-11-20 18:13:35,600 [AUDIT] Token created by 'jffe@000': tokenId='96902385-e2fe-4f9a-b024-3795435bcb4c', issuer='jffe@000', subject='jffe@000/users/anonymous', expiry=1605896615600, refreshable=false
2020-11-20 18:15:11,211 [AUDIT] Token created by 'anonymous': tokenId='3e7e6e65-66a7-4c83-9e52-a1a436499bbb', issuer='jfrou@01epa9445b6rjsegm3bjdzz0e1', subject='jfrou@01epa9445b6rjsegm3bjdzz0e1', expiry=none, refreshable=false
2020-11-20 18:15:12,008 [AUDIT] Token created by 'anonymous': tokenId='39fd5bd0-6b78-4e10-b9d6-762c6eba03b9', issuer='jfac@01epa9406d7fhp1gdrh3eq0zbc', subject='jfac@01epa9406d7fhp1gdrh3eq0zbc', expiry=1605896232005, refreshable=false
2020-11-20 18:15:12,146 [AUDIT] Token created by 'anonymous': tokenId='1e3e5627-9554-4d1e-b95e-cebd02b22785', issuer='jfac@01epa9406d7fhp1gdrh3eq0zbc', subject='jfac@01epa9406d7fhp1gdrh3eq0zbc', expiry=1605896232135, refreshable=false
2020-11-20 18:15:12,367 [AUDIT] Token created by 'anonymous': tokenId='4aca61a5-8cdb-4fd0-aad1-dc5962d58655', issuer='jfac@01epa9406d7fhp1gdrh3eq0zbc', subject='jfac@01epa9406d7fhp1gdrh3eq0zbc', expiry=1605896232356, refreshable=false
2020-11-20 18:15:12,789 [AUDIT] Token created by 'anonymous': tokenId='868077c9-b303-47f2-a40f-5e80746cf5b8', issuer='jfac@01epa9406d7fhp1gdrh3eq0zbc', subject='jfac@01epa9406d7fhp1gdrh3eq0zbc', expiry=1605896232778, refreshable=false
2020-11-20 18:15:13,616 [AUDIT] Token created by 'anonymous': tokenId='0f8c2faf-10ba-4628-a74d-708d00f5b905', issuer='jfac@01epa9406d7fhp1gdrh3eq0zbc', subject='jfac@01epa9406d7fhp1gdrh3eq0zbc', expiry=1605896233604, refreshable=false
2020-11-20 18:15:14,176 [AUDIT] Token created by 'anonymous': tokenId='ea9b8df3-0e8d-4d07-b5ea-42d83a880bf1', issuer='jfmd@01epa945bbmn4p1at053dq0gey', subject='jfmd@01epa945bbmn4p1at053dq0gey', expiry=none, refreshable=false
2020-11-20 18:15:14,478 [AUDIT] Token created by 'anonymous': tokenId='b011b726-13a0-4643-83a0-f57a7d8f61cf', issuer='jfrt@01epa94baapjv818ze46fv1ckg', subject='jfrt@01epa94baapjv818ze46fv1ckg', expiry=none, refreshable=false
2020-11-20 18:15:19,850 [AUDIT] Token created by 'anonymous': tokenId='790ca371-3e15-43ad-a0d5-20f1e15bf944', issuer='jffe@000', subject='jffe@000', expiry=none, refreshable=false
2020-11-20 18:15:19,884 [AUDIT] Token created by 'jffe@000': tokenId='166f164d-6b1e-4028-8376-b43ef0eda0aa', issuer='jffe@000', subject='jffe@000/users/jffe@000', expiry=1605896719884, refreshable=false
2020-11-20 18:21:47,213 [AUDIT] Token created by 'anonymous': tokenId='ad56ea82-ee23-4e8b-af21-cddd555ef0ac', issuer='jfrou@01epa9445b6rjsegm3bjdzz0e1', subject='jfrou@01epa9445b6rjsegm3bjdzz0e1', expiry=none, refreshable=false
2020-11-20 18:21:50,000 [AUDIT] Token created by 'anonymous': tokenId='eeb7b8f5-a43d-4258-8313-7fcf0d2f338f', issuer='jfac@01epa9406d7fhp1gdrh3eq0zbc', subject='jfac@01epa9406d7fhp1gdrh3eq0zbc', expiry=1605896629985, refreshable=false
2020-11-20 18:21:50,129 [AUDIT] Token created by 'anonymous': tokenId='3fb05c8b-a618-4d47-b7a5-033fb514d965', issuer='jfac@01epa9406d7fhp1gdrh3eq0zbc', subject='jfac@01epa9406d7fhp1gdrh3eq0zbc', expiry=1605896630117, refreshable=false
2020-11-20 18:21:50,359 [AUDIT] Token created by 'anonymous': tokenId='47690156-5ef7-48bf-a478-edddf962e252', issuer='jfac@01epa9406d7fhp1gdrh3eq0zbc', subject='jfac@01epa9406d7fhp1gdrh3eq0zbc', expiry=1605896630348, refreshable=false
2020-11-20 18:21:50,779 [AUDIT] Token created by 'anonymous': tokenId='3b510b62-bea8-4cfa-8d30-35903eac7cbf', issuer='jfac@01epa9406d7fhp1gdrh3eq0zbc', subject='jfac@01epa9406d7fhp1gdrh3eq0zbc', expiry=1605896630768, refreshable=false
2020-11-20 18:21:51,594 [AUDIT] Token created by 'anonymous': tokenId='b8c31666-e908-4464-b51d-888fb79a9fb6', issuer='jfac@01epa9406d7fhp1gdrh3eq0zbc', subject='jfac@01epa9406d7fhp1gdrh3eq0zbc', expiry=1605896631586, refreshable=false
2020-11-20 18:21:51,991 [AUDIT] Token created by 'anonymous': tokenId='da9d1f19-6c31-4d27-84e5-711b035dda69', issuer='jfmd@01epa945bbmn4p1at053dq0gey', subject='jfmd@01epa945bbmn4p1at053dq0gey', expiry=none, refreshable=false
2020-11-20 18:21:52,560 [AUDIT] Token created by 'anonymous': tokenId='d42a1d37-6472-49e8-b284-46244ef1c6e0', issuer='jfrt@01epa94baapjv818ze46fv1ckg', subject='jfrt@01epa94baapjv818ze46fv1ckg', expiry=none, refreshable=false
2020-11-20 18:21:56,975 [AUDIT] Token created by 'anonymous': tokenId='436c23f6-fbee-44f0-a68c-d75905eaa111', issuer='jffe@000', subject='jffe@000', expiry=none, refreshable=false
2020-11-20 18:21:57,032 [AUDIT] Token created by 'jffe@000': tokenId='ed8ed630-6056-4c2a-8d53-5f087e7f3280', issuer='jffe@000', subject='jffe@000/users/jffe@000', expiry=1605897117032, refreshable=false
2020-11-20 18:23:53,577 [AUDIT] Token created by 'jfrt@01epa94baapjv818ze46fv1ckg': tokenId='518e59fb-3933-4eae-b929-934b9a05a133', issuer='jfrt@01epa94baapjv818ze46fv1ckg', subject='jfrt@01epa94baapjv818ze46fv1ckg', expiry=2551976633575, refreshable=false
2020-11-20 18:30:08,205 [AUDIT] Token created by 'anonymous': tokenId='493106a7-426a-4440-a8df-9558d96418cb', issuer='jfrou@01epa9445b6rjsegm3bjdzz0e1', subject='jfrou@01epa9445b6rjsegm3bjdzz0e1', expiry=none, refreshable=false
2020-11-20 18:30:09,545 [AUDIT] Token created by 'anonymous': tokenId='36d10e9a-40cb-43a7-9cc2-b7b4a2362039', issuer='jfac@01epa9406d7fhp1gdrh3eq0zbc', subject='jfac@01epa9406d7fhp1gdrh3eq0zbc', expiry=1605897129537, refreshable=false
2020-11-20 18:30:09,675 [AUDIT] Token created by 'anonymous': tokenId='c77bbe58-3965-4968-b5ba-5b73e5b803d7', issuer='jfac@01epa9406d7fhp1gdrh3eq0zbc', subject='jfac@01epa9406d7fhp1gdrh3eq0zbc', expiry=1605897129663, refreshable=false
2020-11-20 18:30:09,906 [AUDIT] Token created by 'anonymous': tokenId='535ebb86-4341-471f-b039-cd406a40cc96', issuer='jfac@01epa9406d7fhp1gdrh3eq0zbc', subject='jfac@01epa9406d7fhp1gdrh3eq0zbc', expiry=1605897129894, refreshable=false
2020-11-20 18:30:10,330 [AUDIT] Token created by 'anonymous': tokenId='cdaa7436-94b8-48d2-9e07-dc385b3cfc1a', issuer='jfac@01epa9406d7fhp1gdrh3eq0zbc', subject='jfac@01epa9406d7fhp1gdrh3eq0zbc', expiry=1605897130319, refreshable=false
2020-11-20 18:30:10,943 [AUDIT] Token created by 'anonymous': tokenId='df7effdf-03da-434a-9d0a-1229884b77db', issuer='jfrt@01epa94baapjv818ze46fv1ckg', subject='jfrt@01epa94baapjv818ze46fv1ckg', expiry=none, refreshable=false
2020-11-20 18:30:11,141 [AUDIT] Token created by 'anonymous': tokenId='241794c2-2086-4b1d-89f2-f871f3f4b72b', issuer='jfac@01epa9406d7fhp1gdrh3eq0zbc', subject='jfac@01epa9406d7fhp1gdrh3eq0zbc', expiry=1605897131140, refreshable=false
2020-11-20 18:30:11,463 [AUDIT] Token created by 'anonymous': tokenId='a9dfbd2f-6c79-45da-a9d0-9be0df874302', issuer='jfmd@01epa945bbmn4p1at053dq0gey', subject='jfmd@01epa945bbmn4p1at053dq0gey', expiry=none, refreshable=false
2020-11-20 18:30:15,792 [AUDIT] Token created by 'anonymous': tokenId='a6966ed4-a2df-44e9-b37b-1a7b2331e092', issuer='jffe@000', subject='jffe@000', expiry=none, refreshable=false
2020-11-20 18:30:15,828 [AUDIT] Token created by 'jffe@000': tokenId='534629f3-fd29-40bf-beaf-f2de1848bbfd', issuer='jffe@000', subject='jffe@000/users/jffe@000', expiry=1605897615828, refreshable=false
2020-11-20 18:32:12,175 [AUDIT] Token created by 'jfrt@01epa94baapjv818ze46fv1ckg': tokenId='971284ab-a714-4bda-ad07-f36ab5432722', issuer='jfrt@01epa94baapjv818ze46fv1ckg', subject='jfrt@01epa94baapjv818ze46fv1ckg', expiry=2551977132171, refreshable=false
2020-11-20 18:35:31,684 [AUDIT] Token created by 'anonymous': tokenId='7a30e696-85a4-4e75-bef7-074d499220c0', issuer='jfrou@01epa9445b6rjsegm3bjdzz0e1', subject='jfrou@01epa9445b6rjsegm3bjdzz0e1', expiry=none, refreshable=false
2020-11-20 18:35:35,581 [AUDIT] Token created by 'anonymous': tokenId='5b2529aa-63ed-4927-8a25-2d5b19d80308', issuer='jfac@01epa9406d7fhp1gdrh3eq0zbc', subject='jfac@01epa9406d7fhp1gdrh3eq0zbc', expiry=1605897455568, refreshable=false
2020-11-20 18:35:35,738 [AUDIT] Token created by 'anonymous': tokenId='0f607ac5-35b3-4aa2-91d4-ac73a40334da', issuer='jfac@01epa9406d7fhp1gdrh3eq0zbc', subject='jfac@01epa9406d7fhp1gdrh3eq0zbc', expiry=1605897455724, refreshable=false
2020-11-20 18:35:35,981 [AUDIT] Token created by 'anonymous': tokenId='7aa18955-9917-48bb-8fb7-cbf31c03b154', issuer='jfac@01epa9406d7fhp1gdrh3eq0zbc', subject='jfac@01epa9406d7fhp1gdrh3eq0zbc', expiry=1605897455968, refreshable=false
2020-11-20 18:35:36,366 [AUDIT] Token created by 'anonymous': tokenId='004c9ed4-cd84-47da-9b68-957fe928d56f', issuer='jfmd@01epa945bbmn4p1at053dq0gey', subject='jfmd@01epa945bbmn4p1at053dq0gey', expiry=none, refreshable=false
2020-11-20 18:35:36,394 [AUDIT] Token created by 'anonymous': tokenId='cc690488-f28d-487e-b612-174d41cb3261', issuer='jfac@01epa9406d7fhp1gdrh3eq0zbc', subject='jfac@01epa9406d7fhp1gdrh3eq0zbc', expiry=1605897456392, refreshable=false
2020-11-20 18:35:36,861 [AUDIT] Token created by 'anonymous': tokenId='65e5eb53-e297-4637-82eb-dffeb4352cb7', issuer='jfrt@01epa94baapjv818ze46fv1ckg', subject='jfrt@01epa94baapjv818ze46fv1ckg', expiry=none, refreshable=false
2020-11-20 18:35:39,442 [AUDIT] Token created by 'jfrt@01epa94baapjv818ze46fv1ckg': tokenId='ca753e48-8754-4f84-88ba-d750c1342215', issuer='jfrt@01epa94baapjv818ze46fv1ckg', subject='jfrt@01epa94baapjv818ze46fv1ckg', expiry=2551977339437, refreshable=false
2020-11-20 18:35:43,682 [AUDIT] Token created by 'anonymous': tokenId='ca57449b-9fa2-4aaf-98bb-e1485491244c', issuer='jffe@000', subject='jffe@000', expiry=none, refreshable=false
2020-11-20 18:35:43,723 [AUDIT] Token created by 'jffe@000': tokenId='69a3b51a-b37b-4f44-b1d3-3d7a6b32706b', issuer='jffe@000', subject='jffe@000/users/jffe@000', expiry=1605897943722, refreshable=false
2020-11-20 18:45:46,176 [AUDIT] Token created by 'jffe@000': tokenId='80305096-1788-4fb5-a373-2857cbf95d67', issuer='jffe@000', subject='jffe@000/users/jffe@000', expiry=1605898546176, refreshable=false
2020-11-20 18:45:46,176 [AUDIT] Token created by 'jffe@000': tokenId='59ff5723-67ba-437c-9dab-1eea7822c38d', issuer='jffe@000', subject='jffe@000/users/jffe@000', expiry=1605898546176, refreshable=false
2020-11-20 18:45:46,176 [AUDIT] Token created by 'jffe@000': tokenId='9b0a5a0b-cf44-4f68-bf09-82845adfce89', issuer='jffe@000', subject='jffe@000/users/jffe@000', expiry=1605898546175, refreshable=false
2020-11-20 18:45:46,178 [AUDIT] Token created by 'jffe@000': tokenId='f89e0ab1-1018-45d6-8d72-365aac6f2a23', issuer='jffe@000', subject='jffe@000/users/jffe@000', expiry=1605898546177, refreshable=false
